# JRE version: 7.0_25-b17
# Java VM: Java HotSpot(TM) Client VM (23.25-b01 mixed mode, sharing windows-x86 )
Heap
 def new generation   total 6400K, used 5888K [0x242c0000, 0x249b0000, 0x29810000)
  eden space 5696K,  97% used [0x242c0000, 0x2482d8f0, 0x24850000)
  from space 704K,  46% used [0x24850000, 0x248a28d0, 0x24900000)
  to   space 704K,   0% used [0x24900000, 0x24900000, 0x249b0000)
 tenured generation   total 14108K, used 8464K [0x29810000, 0x2a5d7000, 0x342c0000)
   the space 14108K,  59% used [0x29810000, 0x2a0542c8, 0x2a054400, 0x2a5d7000)
 compacting perm gen  total 12288K, used 2304K [0x342c0000, 0x34ec0000, 0x382c0000)
   the space 12288K,  18% used [0x342c0000, 0x345000f0, 0x34500200, 0x34ec0000)
    ro space 10240K,  42% used [0x382c0000, 0x38704240, 0x38704400, 0x38cc0000)
    rw space 12288K,  54% used [0x38cc0000, 0x39344d58, 0x39344e00, 0x398c0000)
GC Heap History (10 events):
Event: 296.908 GC heap before
{Heap before GC invocations=386 (full 1):
 def new generation   total 6400K, used 5903K [0x242c0000, 0x249b0000, 0x29810000)
  eden space 5696K,  99% used [0x242c0000, 0x2484b390, 0x24850000)
  from space 704K,  32% used [0x24900000, 0x24938c50, 0x249b0000)
  to   space 704K,   0% used [0x24850000, 0x24850000, 0x24900000)
 tenured generation   total 14108K, used 8464K [0x29810000, 0x2a5d7000, 0x342c0000)
   the space 14108K,  59% used [0x29810000, 0x2a0542c8, 0x2a054400, 0x2a5d7000)
 compacting perm gen  total 12288K, used 2304K [0x342c0000, 0x34ec0000, 0x382c0000)
   the space 12288K,  18% used [0x342c0000, 0x345000f0, 0x34500200, 0x34ec0000)
    ro space 10240K,  42% used [0x382c0000, 0x38704240, 0x38704400, 0x38cc0000)
    rw space 12288K,  54% used [0x38cc0000, 0x39344d58, 0x39344e00, 0x398c0000)
Event: 296.908 GC heap after
Heap after GC invocations=387 (full 1):
 def new generation   total 6400K, used 247K [0x242c0000, 0x249b0000, 0x29810000)
  eden space 5696K,   0% used [0x242c0000, 0x242c0000, 0x24850000)
  from space 704K,  35% used [0x24850000, 0x2488ded0, 0x24900000)
  to   space 704K,   0% used [0x24900000, 0x24900000, 0x249b0000)
 tenured generation   total 14108K, used 8464K [0x29810000, 0x2a5d7000, 0x342c0000)
   the space 14108K,  59% used [0x29810000, 0x2a0542c8, 0x2a054400, 0x2a5d7000)
 compacting perm gen  total 12288K, used 2304K [0x342c0000, 0x34ec0000, 0x382c0000)
   the space 12288K,  18% used [0x342c0000, 0x345000f0, 0x34500200, 0x34ec0000)
    ro space 10240K,  42% used [0x382c0000, 0x38704240, 0x38704400, 0x38cc0000)
    rw space 12288K,  54% used [0x38cc0000, 0x39344d58, 0x39344e00, 0x398c0000)
}
Event: 297.841 GC heap before
{Heap before GC invocations=387 (full 1):
 def new generation   total 6400K, used 5924K [0x242c0000, 0x249b0000, 0x29810000)
  eden space 5696K,  99% used [0x242c0000, 0x2484b330, 0x24850000)
  from space 704K,  35% used [0x24850000, 0x2488ded0, 0x24900000)
  to   space 704K,   0% used [0x24900000, 0x24900000, 0x249b0000)
 tenured generation   total 14108K, used 8464K [0x29810000, 0x2a5d7000, 0x342c0000)
   the space 14108K,  59% used [0x29810000, 0x2a0542c8, 0x2a054400, 0x2a5d7000)
 compacting perm gen  total 12288K, used 2304K [0x342c0000, 0x34ec0000, 0x382c0000)
   the space 12288K,  18% used [0x342c0000, 0x345000f0, 0x34500200, 0x34ec0000)
    ro space 10240K,  42% used [0x382c0000, 0x38704240, 0x38704400, 0x38cc0000)
    rw space 12288K,  54% used [0x38cc0000, 0x39344d58, 0x39344e00, 0x398c0000)
Event: 297.841 GC heap after
Heap after GC invocations=388 (full 1):
 def new generation   total 6400K, used 268K [0x242c0000, 0x249b0000, 0x29810000)
  eden space 5696K,   0% used [0x242c0000, 0x242c0000, 0x24850000)
  from space 704K,  38% used [0x24900000, 0x24943150, 0x249b0000)
  to   space 704K,   0% used [0x24850000, 0x24850000, 0x24900000)
 tenured generation   total 14108K, used 8464K [0x29810000, 0x2a5d7000, 0x342c0000)
   the space 14108K,  59% used [0x29810000, 0x2a0542c8, 0x2a054400, 0x2a5d7000)
 compacting perm gen  total 12288K, used 2304K [0x342c0000, 0x34ec0000, 0x382c0000)
   the space 12288K,  18% used [0x342c0000, 0x345000f0, 0x34500200, 0x34ec0000)
    ro space 10240K,  42% used [0x382c0000, 0x38704240, 0x38704400, 0x38cc0000)
    rw space 12288K,  54% used [0x38cc0000, 0x39344d58, 0x39344e00, 0x398c0000)
}
Event: 298.757 GC heap before
{Heap before GC invocations=388 (full 1):
 def new generation   total 6400K, used 5946K [0x242c0000, 0x249b0000, 0x29810000)
  eden space 5696K,  99% used [0x242c0000, 0x2484b990, 0x24850000)
  from space 704K,  38% used [0x24900000, 0x24943150, 0x249b0000)
  to   space 704K,   0% used [0x24850000, 0x24850000, 0x24900000)
 tenured generation   total 14108K, used 8464K [0x29810000, 0x2a5d7000, 0x342c0000)
   the space 14108K,  59% used [0x29810000, 0x2a0542c8, 0x2a054400, 0x2a5d7000)
 compacting perm gen  total 12288K, used 2304K [0x342c0000, 0x34ec0000, 0x382c0000)
   the space 12288K,  18% used [0x342c0000, 0x345000f0, 0x34500200, 0x34ec0000)
    ro space 10240K,  42% used [0x382c0000, 0x38704240, 0x38704400, 0x38cc0000)
    rw space 12288K,  54% used [0x38cc0000, 0x39344d58, 0x39344e00, 0x398c0000)
Event: 298.757 GC heap after
Heap after GC invocations=389 (full 1):
 def new generation   total 6400K, used 288K [0x242c0000, 0x249b0000, 0x29810000)
  eden space 5696K,   0% used [0x242c0000, 0x242c0000, 0x24850000)
  from space 704K,  41% used [0x24850000, 0x248983d0, 0x24900000)
  to   space 704K,   0% used [0x24900000, 0x24900000, 0x249b0000)
 tenured generation   total 14108K, used 8464K [0x29810000, 0x2a5d7000, 0x342c0000)
   the space 14108K,  59% used [0x29810000, 0x2a0542c8, 0x2a054400, 0x2a5d7000)
 compacting perm gen  total 12288K, used 2304K [0x342c0000, 0x34ec0000, 0x382c0000)
   the space 12288K,  18% used [0x342c0000, 0x345000f0, 0x34500200, 0x34ec0000)
    ro space 10240K,  42% used [0x382c0000, 0x38704240, 0x38704400, 0x38cc0000)
    rw space 12288K,  54% used [0x38cc0000, 0x39344d58, 0x39344e00, 0x398c0000)
}
Event: 299.705 GC heap before
{Heap before GC invocations=389 (full 1):
 def new generation   total 6400K, used 5970K [0x242c0000, 0x249b0000, 0x29810000)
  eden space 5696K,  99% used [0x242c0000, 0x2484c710, 0x24850000)
  from space 704K,  41% used [0x24850000, 0x248983d0, 0x24900000)
  to   space 704K,   0% used [0x24900000, 0x24900000, 0x249b0000)
 tenured generation   total 14108K, used 8464K [0x29810000, 0x2a5d7000, 0x342c0000)
   the space 14108K,  59% used [0x29810000, 0x2a0542c8, 0x2a054400, 0x2a5d7000)
 compacting perm gen  total 12288K, used 2304K [0x342c0000, 0x34ec0000, 0x382c0000)
   the space 12288K,  18% used [0x342c0000, 0x345000f0, 0x34500200, 0x34ec0000)
    ro space 10240K,  42% used [0x382c0000, 0x38704240, 0x38704400, 0x38cc0000)
    rw space 12288K,  54% used [0x38cc0000, 0x39344d58, 0x39344e00, 0x398c0000)
Event: 299.706 GC heap after
Heap after GC invocations=390 (full 1):
 def new generation   total 6400K, used 309K [0x242c0000, 0x249b0000, 0x29810000)
  eden space 5696K,   0% used [0x242c0000, 0x242c0000, 0x24850000)
  from space 704K,  43% used [0x24900000, 0x2494d650, 0x249b0000)
  to   space 704K,   0% used [0x24850000, 0x24850000, 0x24900000)
 tenured generation   total 14108K, used 8464K [0x29810000, 0x2a5d7000, 0x342c0000)
   the space 14108K,  59% used [0x29810000, 0x2a0542c8, 0x2a054400, 0x2a5d7000)
 compacting perm gen  total 12288K, used 2304K [0x342c0000, 0x34ec0000, 0x382c0000)
   the space 12288K,  18% used [0x342c0000, 0x345000f0, 0x34500200, 0x34ec0000)
    ro space 10240K,  42% used [0x382c0000, 0x38704240, 0x38704400, 0x38cc0000)
    rw space 12288K,  54% used [0x38cc0000, 0x39344d58, 0x39344e00, 0x398c0000)
}
Event: 300.640 GC heap before
{Heap before GC invocations=390 (full 1):
 def new generation   total 6400K, used 5985K [0x242c0000, 0x249b0000, 0x29810000)
  eden space 5696K,  99% used [0x242c0000, 0x2484ae80, 0x24850000)
  from space 704K,  43% used [0x24900000, 0x2494d650, 0x249b0000)
  to   space 704K,   0% used [0x24850000, 0x24850000, 0x24900000)
 tenured generation   total 14108K, used 8464K [0x29810000, 0x2a5d7000, 0x342c0000)
   the space 14108K,  59% used [0x29810000, 0x2a0542c8, 0x2a054400, 0x2a5d7000)
 compacting perm gen  total 12288K, used 2304K [0x342c0000, 0x34ec0000, 0x382c0000)
   the space 12288K,  18% used [0x342c0000, 0x345000f0, 0x34500200, 0x34ec0000)
    ro space 10240K,  42% used [0x382c0000, 0x38704240, 0x38704400, 0x38cc0000)
    rw space 12288K,  54% used [0x38cc0000, 0x39344d58, 0x39344e00, 0x398c0000)
Event: 300.641 GC heap after
Heap after GC invocations=391 (full 1):
 def new generation   total 6400K, used 330K [0x242c0000, 0x249b0000, 0x29810000)
  eden space 5696K,   0% used [0x242c0000, 0x242c0000, 0x24850000)
  from space 704K,  46% used [0x24850000, 0x248a28d0, 0x24900000)
  to   space 704K,   0% used [0x24900000, 0x24900000, 0x249b0000)
 tenured generation   total 14108K, used 8464K [0x29810000, 0x2a5d7000, 0x342c0000)
   the space 14108K,  59% used [0x29810000, 0x2a0542c8, 0x2a054400, 0x2a5d7000)
 compacting perm gen  total 12288K, used 2304K [0x342c0000, 0x34ec0000, 0x382c0000)
   the space 12288K,  18% used [0x342c0000, 0x345000f0, 0x34500200, 0x34ec0000)
    ro space 10240K,  42% used [0x382c0000, 0x38704240, 0x38704400, 0x38cc0000)
    rw space 12288K,  54% used [0x38cc0000, 0x39344d58, 0x39344e00, 0x398c0000)
}

