# JRE version: 7.0_25-b17
# Java VM: Java HotSpot(TM) Client VM (23.25-b01 mixed mode, sharing windows-x86 )
Heap
 def new generation   total 6336K, used 5745K [0x242c0000, 0x249a0000, 0x29810000)
  eden space 5632K,  95% used [0x242c0000, 0x24800490, 0x24840000)
  from space 704K,  52% used [0x24840000, 0x2489c050, 0x248f0000)
  to   space 704K,   0% used [0x248f0000, 0x248f0000, 0x249a0000)
 tenured generation   total 14048K, used 8427K [0x29810000, 0x2a5c8000, 0x342c0000)
   the space 14048K,  59% used [0x29810000, 0x2a04acb0, 0x2a04ae00, 0x2a5c8000)
 compacting perm gen  total 12288K, used 2304K [0x342c0000, 0x34ec0000, 0x382c0000)
   the space 12288K,  18% used [0x342c0000, 0x345000b0, 0x34500200, 0x34ec0000)
    ro space 10240K,  42% used [0x382c0000, 0x38704240, 0x38704400, 0x38cc0000)
    rw space 12288K,  54% used [0x38cc0000, 0x39344d58, 0x39344e00, 0x398c0000)
GC Heap History (10 events):
Event: 298.626 GC heap before
{Heap before GC invocations=385 (full 1):
 def new generation   total 6336K, used 5848K [0x242c0000, 0x249a0000, 0x29810000)
  eden space 5632K,  99% used [0x242c0000, 0x24833588, 0x24840000)
  from space 704K,  37% used [0x248f0000, 0x24932b50, 0x249a0000)
  to   space 704K,   0% used [0x24840000, 0x24840000, 0x248f0000)
 tenured generation   total 14048K, used 8427K [0x29810000, 0x2a5c8000, 0x342c0000)
   the space 14048K,  59% used [0x29810000, 0x2a04acb0, 0x2a04ae00, 0x2a5c8000)
 compacting perm gen  total 12288K, used 2304K [0x342c0000, 0x34ec0000, 0x382c0000)
   the space 12288K,  18% used [0x342c0000, 0x345000b0, 0x34500200, 0x34ec0000)
    ro space 10240K,  42% used [0x382c0000, 0x38704240, 0x38704400, 0x38cc0000)
    rw space 12288K,  54% used [0x38cc0000, 0x39344d58, 0x39344e00, 0x398c0000)
Event: 298.628 GC heap after
Heap after GC invocations=386 (full 1):
 def new generation   total 6336K, used 287K [0x242c0000, 0x249a0000, 0x29810000)
  eden space 5632K,   0% used [0x242c0000, 0x242c0000, 0x24840000)
  from space 704K,  40% used [0x24840000, 0x24887c50, 0x248f0000)
  to   space 704K,   0% used [0x248f0000, 0x248f0000, 0x249a0000)
 tenured generation   total 14048K, used 8427K [0x29810000, 0x2a5c8000, 0x342c0000)
   the space 14048K,  59% used [0x29810000, 0x2a04acb0, 0x2a04ae00, 0x2a5c8000)
 compacting perm gen  total 12288K, used 2304K [0x342c0000, 0x34ec0000, 0x382c0000)
   the space 12288K,  18% used [0x342c0000, 0x345000b0, 0x34500200, 0x34ec0000)
    ro space 10240K,  42% used [0x382c0000, 0x38704240, 0x38704400, 0x38cc0000)
    rw space 12288K,  54% used [0x38cc0000, 0x39344d58, 0x39344e00, 0x398c0000)
}
Event: 299.526 GC heap before
{Heap before GC invocations=386 (full 1):
 def new generation   total 6336K, used 5866K [0x242c0000, 0x249a0000, 0x29810000)
  eden space 5632K,  99% used [0x242c0000, 0x24832c88, 0x24840000)
  from space 704K,  40% used [0x24840000, 0x24887c50, 0x248f0000)
  to   space 704K,   0% used [0x248f0000, 0x248f0000, 0x249a0000)
 tenured generation   total 14048K, used 8427K [0x29810000, 0x2a5c8000, 0x342c0000)
   the space 14048K,  59% used [0x29810000, 0x2a04acb0, 0x2a04ae00, 0x2a5c8000)
 compacting perm gen  total 12288K, used 2304K [0x342c0000, 0x34ec0000, 0x382c0000)
   the space 12288K,  18% used [0x342c0000, 0x345000b0, 0x34500200, 0x34ec0000)
    ro space 10240K,  42% used [0x382c0000, 0x38704240, 0x38704400, 0x38cc0000)
    rw space 12288K,  54% used [0x38cc0000, 0x39344d58, 0x39344e00, 0x398c0000)
Event: 299.526 GC heap after
Heap after GC invocations=387 (full 1):
 def new generation   total 6336K, used 307K [0x242c0000, 0x249a0000, 0x29810000)
  eden space 5632K,   0% used [0x242c0000, 0x242c0000, 0x24840000)
  from space 704K,  43% used [0x248f0000, 0x2493cd50, 0x249a0000)
  to   space 704K,   0% used [0x24840000, 0x24840000, 0x248f0000)
 tenured generation   total 14048K, used 8427K [0x29810000, 0x2a5c8000, 0x342c0000)
   the space 14048K,  59% used [0x29810000, 0x2a04acb0, 0x2a04ae00, 0x2a5c8000)
 compacting perm gen  total 12288K, used 2304K [0x342c0000, 0x34ec0000, 0x382c0000)
   the space 12288K,  18% used [0x342c0000, 0x345000b0, 0x34500200, 0x34ec0000)
    ro space 10240K,  42% used [0x382c0000, 0x38704240, 0x38704400, 0x38cc0000)
    rw space 12288K,  54% used [0x38cc0000, 0x39344d58, 0x39344e00, 0x398c0000)
}
Event: 300.442 GC heap before
{Heap before GC invocations=387 (full 1):
 def new generation   total 6336K, used 5886K [0x242c0000, 0x249a0000, 0x29810000)
  eden space 5632K,  99% used [0x242c0000, 0x24832c20, 0x24840000)
  from space 704K,  43% used [0x248f0000, 0x2493cd50, 0x249a0000)
  to   space 704K,   0% used [0x24840000, 0x24840000, 0x248f0000)
 tenured generation   total 14048K, used 8427K [0x29810000, 0x2a5c8000, 0x342c0000)
   the space 14048K,  59% used [0x29810000, 0x2a04acb0, 0x2a04ae00, 0x2a5c8000)
 compacting perm gen  total 12288K, used 2304K [0x342c0000, 0x34ec0000, 0x382c0000)
   the space 12288K,  18% used [0x342c0000, 0x345000b0, 0x34500200, 0x34ec0000)
    ro space 10240K,  42% used [0x382c0000, 0x38704240, 0x38704400, 0x38cc0000)
    rw space 12288K,  54% used [0x38cc0000, 0x39344d58, 0x39344e00, 0x398c0000)
Event: 300.443 GC heap after
Heap after GC invocations=388 (full 1):
 def new generation   total 6336K, used 327K [0x242c0000, 0x249a0000, 0x29810000)
  eden space 5632K,   0% used [0x242c0000, 0x242c0000, 0x24840000)
  from space 704K,  46% used [0x24840000, 0x24891e50, 0x248f0000)
  to   space 704K,   0% used [0x248f0000, 0x248f0000, 0x249a0000)
 tenured generation   total 14048K, used 8427K [0x29810000, 0x2a5c8000, 0x342c0000)
   the space 14048K,  59% used [0x29810000, 0x2a04acb0, 0x2a04ae00, 0x2a5c8000)
 compacting perm gen  total 12288K, used 2304K [0x342c0000, 0x34ec0000, 0x382c0000)
   the space 12288K,  18% used [0x342c0000, 0x345000b0, 0x34500200, 0x34ec0000)
    ro space 10240K,  42% used [0x382c0000, 0x38704240, 0x38704400, 0x38cc0000)
    rw space 12288K,  54% used [0x38cc0000, 0x39344d58, 0x39344e00, 0x398c0000)
}
Event: 301.376 GC heap before
{Heap before GC invocations=388 (full 1):
 def new generation   total 6336K, used 5908K [0x242c0000, 0x249a0000, 0x29810000)
  eden space 5632K,  99% used [0x242c0000, 0x24833298, 0x24840000)
  from space 704K,  46% used [0x24840000, 0x24891e50, 0x248f0000)
  to   space 704K,   0% used [0x248f0000, 0x248f0000, 0x249a0000)
 tenured generation   total 14048K, used 8427K [0x29810000, 0x2a5c8000, 0x342c0000)
   the space 14048K,  59% used [0x29810000, 0x2a04acb0, 0x2a04ae00, 0x2a5c8000)
 compacting perm gen  total 12288K, used 2304K [0x342c0000, 0x34ec0000, 0x382c0000)
   the space 12288K,  18% used [0x342c0000, 0x345000b0, 0x34500200, 0x34ec0000)
    ro space 10240K,  42% used [0x382c0000, 0x38704240, 0x38704400, 0x38cc0000)
    rw space 12288K,  54% used [0x38cc0000, 0x39344d58, 0x39344e00, 0x398c0000)
Event: 301.377 GC heap after
Heap after GC invocations=389 (full 1):
 def new generation   total 6336K, used 347K [0x242c0000, 0x249a0000, 0x29810000)
  eden space 5632K,   0% used [0x242c0000, 0x242c0000, 0x24840000)
  from space 704K,  49% used [0x248f0000, 0x24946f50, 0x249a0000)
  to   space 704K,   0% used [0x24840000, 0x24840000, 0x248f0000)
 tenured generation   total 14048K, used 8427K [0x29810000, 0x2a5c8000, 0x342c0000)
   the space 14048K,  59% used [0x29810000, 0x2a04acb0, 0x2a04ae00, 0x2a5c8000)
 compacting perm gen  total 12288K, used 2304K [0x342c0000, 0x34ec0000, 0x382c0000)
   the space 12288K,  18% used [0x342c0000, 0x345000b0, 0x34500200, 0x34ec0000)
    ro space 10240K,  42% used [0x382c0000, 0x38704240, 0x38704400, 0x38cc0000)
    rw space 12288K,  54% used [0x38cc0000, 0x39344d58, 0x39344e00, 0x398c0000)
}
Event: 302.308 GC heap before
{Heap before GC invocations=389 (full 1):
 def new generation   total 6336K, used 5931K [0x242c0000, 0x249a0000, 0x29810000)
  eden space 5632K,  99% used [0x242c0000, 0x24833ff0, 0x24840000)
  from space 704K,  49% used [0x248f0000, 0x24946f50, 0x249a0000)
  to   space 704K,   0% used [0x24840000, 0x24840000, 0x248f0000)
 tenured generation   total 14048K, used 8427K [0x29810000, 0x2a5c8000, 0x342c0000)
   the space 14048K,  59% used [0x29810000, 0x2a04acb0, 0x2a04ae00, 0x2a5c8000)
 compacting perm gen  total 12288K, used 2304K [0x342c0000, 0x34ec0000, 0x382c0000)
   the space 12288K,  18% used [0x342c0000, 0x345000b0, 0x34500200, 0x34ec0000)
    ro space 10240K,  42% used [0x382c0000, 0x38704240, 0x38704400, 0x38cc0000)
    rw space 12288K,  54% used [0x38cc0000, 0x39344d58, 0x39344e00, 0x398c0000)
Event: 302.309 GC heap after
Heap after GC invocations=390 (full 1):
 def new generation   total 6336K, used 368K [0x242c0000, 0x249a0000, 0x29810000)
  eden space 5632K,   0% used [0x242c0000, 0x242c0000, 0x24840000)
  from space 704K,  52% used [0x24840000, 0x2489c050, 0x248f0000)
  to   space 704K,   0% used [0x248f0000, 0x248f0000, 0x249a0000)
 tenured generation   total 14048K, used 8427K [0x29810000, 0x2a5c8000, 0x342c0000)
   the space 14048K,  59% used [0x29810000, 0x2a04acb0, 0x2a04ae00, 0x2a5c8000)
 compacting perm gen  total 12288K, used 2304K [0x342c0000, 0x34ec0000, 0x382c0000)
   the space 12288K,  18% used [0x342c0000, 0x345000b0, 0x34500200, 0x34ec0000)
    ro space 10240K,  42% used [0x382c0000, 0x38704240, 0x38704400, 0x38cc0000)
    rw space 12288K,  54% used [0x38cc0000, 0x39344d58, 0x39344e00, 0x398c0000)
}

