# JRE version: 7.0_25-b17
# Java VM: Java HotSpot(TM) Client VM (23.25-b01 mixed mode, sharing windows-x86 )
Heap
 def new generation   total 4928K, used 666K [0x242c0000, 0x24810000, 0x29810000)
  eden space 4416K,   9% used [0x242c0000, 0x24325080, 0x24710000)
  from space 512K,  51% used [0x24790000, 0x247d1790, 0x24810000)
  to   space 512K,   0% used [0x24710000, 0x24710000, 0x24790000)
 tenured generation   total 10944K, used 10120K [0x29810000, 0x2a2c0000, 0x342c0000)
   the space 10944K,  92% used [0x29810000, 0x2a1f23d0, 0x2a1f2400, 0x2a2c0000)
 compacting perm gen  total 12288K, used 2299K [0x342c0000, 0x34ec0000, 0x382c0000)
   the space 12288K,  18% used [0x342c0000, 0x344feff8, 0x344ff000, 0x34ec0000)
    ro space 10240K,  42% used [0x382c0000, 0x38704240, 0x38704400, 0x38cc0000)
    rw space 12288K,  54% used [0x38cc0000, 0x39344d58, 0x39344e00, 0x398c0000)
GC Heap History (10 events):
Event: 281.861 GC heap before
{Heap before GC invocations=384 (full 0):
 def new generation   total 4928K, used 4677K [0x242c0000, 0x24810000, 0x29810000)
  eden space 4416K,  99% used [0x242c0000, 0x2470fc70, 0x24710000)
  from space 512K,  51% used [0x24710000, 0x24751790, 0x24790000)
  to   space 512K,   0% used [0x24790000, 0x24790000, 0x24810000)
 tenured generation   total 10944K, used 10040K [0x29810000, 0x2a2c0000, 0x342c0000)
   the space 10944K,  91% used [0x29810000, 0x2a1de150, 0x2a1de200, 0x2a2c0000)
 compacting perm gen  total 12288K, used 2299K [0x342c0000, 0x34ec0000, 0x382c0000)
   the space 12288K,  18% used [0x342c0000, 0x344feff8, 0x344ff000, 0x34ec0000)
    ro space 10240K,  42% used [0x382c0000, 0x38704240, 0x38704400, 0x38cc0000)
    rw space 12288K,  54% used [0x38cc0000, 0x39344d58, 0x39344e00, 0x398c0000)
Event: 281.863 GC heap after
Heap after GC invocations=385 (full 0):
 def new generation   total 4928K, used 261K [0x242c0000, 0x24810000, 0x29810000)
  eden space 4416K,   0% used [0x242c0000, 0x242c0000, 0x24710000)
  from space 512K,  51% used [0x24790000, 0x247d1790, 0x24810000)
  to   space 512K,   0% used [0x24710000, 0x24710000, 0x24790000)
 tenured generation   total 10944K, used 10056K [0x29810000, 0x2a2c0000, 0x342c0000)
   the space 10944K,  91% used [0x29810000, 0x2a1e21d0, 0x2a1e2200, 0x2a2c0000)
 compacting perm gen  total 12288K, used 2299K [0x342c0000, 0x34ec0000, 0x382c0000)
   the space 12288K,  18% used [0x342c0000, 0x344feff8, 0x344ff000, 0x34ec0000)
    ro space 10240K,  42% used [0x382c0000, 0x38704240, 0x38704400, 0x38cc0000)
    rw space 12288K,  54% used [0x38cc0000, 0x39344d58, 0x39344e00, 0x398c0000)
}
Event: 282.579 GC heap before
{Heap before GC invocations=385 (full 0):
 def new generation   total 4928K, used 4677K [0x242c0000, 0x24810000, 0x29810000)
  eden space 4416K, 100% used [0x242c0000, 0x24710000, 0x24710000)
  from space 512K,  51% used [0x24790000, 0x247d1790, 0x24810000)
  to   space 512K,   0% used [0x24710000, 0x24710000, 0x24790000)
 tenured generation   total 10944K, used 10056K [0x29810000, 0x2a2c0000, 0x342c0000)
   the space 10944K,  91% used [0x29810000, 0x2a1e21d0, 0x2a1e2200, 0x2a2c0000)
 compacting perm gen  total 12288K, used 2299K [0x342c0000, 0x34ec0000, 0x382c0000)
   the space 12288K,  18% used [0x342c0000, 0x344feff8, 0x344ff000, 0x34ec0000)
    ro space 10240K,  42% used [0x382c0000, 0x38704240, 0x38704400, 0x38cc0000)
    rw space 12288K,  54% used [0x38cc0000, 0x39344d58, 0x39344e00, 0x398c0000)
Event: 282.581 GC heap after
Heap after GC invocations=386 (full 0):
 def new generation   total 4928K, used 261K [0x242c0000, 0x24810000, 0x29810000)
  eden space 4416K,   0% used [0x242c0000, 0x242c0000, 0x24710000)
  from space 512K,  51% used [0x24710000, 0x24751790, 0x24790000)
  to   space 512K,   0% used [0x24790000, 0x24790000, 0x24810000)
 tenured generation   total 10944K, used 10072K [0x29810000, 0x2a2c0000, 0x342c0000)
   the space 10944K,  92% used [0x29810000, 0x2a1e6250, 0x2a1e6400, 0x2a2c0000)
 compacting perm gen  total 12288K, used 2299K [0x342c0000, 0x34ec0000, 0x382c0000)
   the space 12288K,  18% used [0x342c0000, 0x344feff8, 0x344ff000, 0x34ec0000)
    ro space 10240K,  42% used [0x382c0000, 0x38704240, 0x38704400, 0x38cc0000)
    rw space 12288K,  54% used [0x38cc0000, 0x39344d58, 0x39344e00, 0x398c0000)
}
Event: 283.295 GC heap before
{Heap before GC invocations=386 (full 0):
 def new generation   total 4928K, used 4677K [0x242c0000, 0x24810000, 0x29810000)
  eden space 4416K,  99% used [0x242c0000, 0x2470fc70, 0x24710000)
  from space 512K,  51% used [0x24710000, 0x24751790, 0x24790000)
  to   space 512K,   0% used [0x24790000, 0x24790000, 0x24810000)
 tenured generation   total 10944K, used 10072K [0x29810000, 0x2a2c0000, 0x342c0000)
   the space 10944K,  92% used [0x29810000, 0x2a1e6250, 0x2a1e6400, 0x2a2c0000)
 compacting perm gen  total 12288K, used 2299K [0x342c0000, 0x34ec0000, 0x382c0000)
   the space 12288K,  18% used [0x342c0000, 0x344feff8, 0x344ff000, 0x34ec0000)
    ro space 10240K,  42% used [0x382c0000, 0x38704240, 0x38704400, 0x38cc0000)
    rw space 12288K,  54% used [0x38cc0000, 0x39344d58, 0x39344e00, 0x398c0000)
Event: 283.297 GC heap after
Heap after GC invocations=387 (full 0):
 def new generation   total 4928K, used 261K [0x242c0000, 0x24810000, 0x29810000)
  eden space 4416K,   0% used [0x242c0000, 0x242c0000, 0x24710000)
  from space 512K,  51% used [0x24790000, 0x247d1790, 0x24810000)
  to   space 512K,   0% used [0x24710000, 0x24710000, 0x24790000)
 tenured generation   total 10944K, used 10088K [0x29810000, 0x2a2c0000, 0x342c0000)
   the space 10944K,  92% used [0x29810000, 0x2a1ea2d0, 0x2a1ea400, 0x2a2c0000)
 compacting perm gen  total 12288K, used 2299K [0x342c0000, 0x34ec0000, 0x382c0000)
   the space 12288K,  18% used [0x342c0000, 0x344feff8, 0x344ff000, 0x34ec0000)
    ro space 10240K,  42% used [0x382c0000, 0x38704240, 0x38704400, 0x38cc0000)
    rw space 12288K,  54% used [0x38cc0000, 0x39344d58, 0x39344e00, 0x398c0000)
}
Event: 284.012 GC heap before
{Heap before GC invocations=387 (full 0):
 def new generation   total 4928K, used 4677K [0x242c0000, 0x24810000, 0x29810000)
  eden space 4416K, 100% used [0x242c0000, 0x24710000, 0x24710000)
  from space 512K,  51% used [0x24790000, 0x247d1790, 0x24810000)
  to   space 512K,   0% used [0x24710000, 0x24710000, 0x24790000)
 tenured generation   total 10944K, used 10088K [0x29810000, 0x2a2c0000, 0x342c0000)
   the space 10944K,  92% used [0x29810000, 0x2a1ea2d0, 0x2a1ea400, 0x2a2c0000)
 compacting perm gen  total 12288K, used 2299K [0x342c0000, 0x34ec0000, 0x382c0000)
   the space 12288K,  18% used [0x342c0000, 0x344feff8, 0x344ff000, 0x34ec0000)
    ro space 10240K,  42% used [0x382c0000, 0x38704240, 0x38704400, 0x38cc0000)
    rw space 12288K,  54% used [0x38cc0000, 0x39344d58, 0x39344e00, 0x398c0000)
Event: 284.013 GC heap after
Heap after GC invocations=388 (full 0):
 def new generation   total 4928K, used 261K [0x242c0000, 0x24810000, 0x29810000)
  eden space 4416K,   0% used [0x242c0000, 0x242c0000, 0x24710000)
  from space 512K,  51% used [0x24710000, 0x24751790, 0x24790000)
  to   space 512K,   0% used [0x24790000, 0x24790000, 0x24810000)
 tenured generation   total 10944K, used 10104K [0x29810000, 0x2a2c0000, 0x342c0000)
   the space 10944K,  92% used [0x29810000, 0x2a1ee350, 0x2a1ee400, 0x2a2c0000)
 compacting perm gen  total 12288K, used 2299K [0x342c0000, 0x34ec0000, 0x382c0000)
   the space 12288K,  18% used [0x342c0000, 0x344feff8, 0x344ff000, 0x34ec0000)
    ro space 10240K,  42% used [0x382c0000, 0x38704240, 0x38704400, 0x38cc0000)
    rw space 12288K,  54% used [0x38cc0000, 0x39344d58, 0x39344e00, 0x398c0000)
}
Event: 284.729 GC heap before
{Heap before GC invocations=388 (full 0):
 def new generation   total 4928K, used 4677K [0x242c0000, 0x24810000, 0x29810000)
  eden space 4416K,  99% used [0x242c0000, 0x2470fc70, 0x24710000)
  from space 512K,  51% used [0x24710000, 0x24751790, 0x24790000)
  to   space 512K,   0% used [0x24790000, 0x24790000, 0x24810000)
 tenured generation   total 10944K, used 10104K [0x29810000, 0x2a2c0000, 0x342c0000)
   the space 10944K,  92% used [0x29810000, 0x2a1ee350, 0x2a1ee400, 0x2a2c0000)
 compacting perm gen  total 12288K, used 2299K [0x342c0000, 0x34ec0000, 0x382c0000)
   the space 12288K,  18% used [0x342c0000, 0x344feff8, 0x344ff000, 0x34ec0000)
    ro space 10240K,  42% used [0x382c0000, 0x38704240, 0x38704400, 0x38cc0000)
    rw space 12288K,  54% used [0x38cc0000, 0x39344d58, 0x39344e00, 0x398c0000)
Event: 284.731 GC heap after
Heap after GC invocations=389 (full 0):
 def new generation   total 4928K, used 261K [0x242c0000, 0x24810000, 0x29810000)
  eden space 4416K,   0% used [0x242c0000, 0x242c0000, 0x24710000)
  from space 512K,  51% used [0x24790000, 0x247d1790, 0x24810000)
  to   space 512K,   0% used [0x24710000, 0x24710000, 0x24790000)
 tenured generation   total 10944K, used 10120K [0x29810000, 0x2a2c0000, 0x342c0000)
   the space 10944K,  92% used [0x29810000, 0x2a1f23d0, 0x2a1f2400, 0x2a2c0000)
 compacting perm gen  total 12288K, used 2299K [0x342c0000, 0x34ec0000, 0x382c0000)
   the space 12288K,  18% used [0x342c0000, 0x344feff8, 0x344ff000, 0x34ec0000)
    ro space 10240K,  42% used [0x382c0000, 0x38704240, 0x38704400, 0x38cc0000)
    rw space 12288K,  54% used [0x38cc0000, 0x39344d58, 0x39344e00, 0x398c0000)
}

