# JRE version: 7.0_25-b17
# Java VM: Java HotSpot(TM) Client VM (23.25-b01 mixed mode, sharing windows-x86 )
Heap
 def new generation   total 4928K, used 1563K [0x242c0000, 0x24810000, 0x29810000)
  eden space 4416K,  29% used [0x242c0000, 0x24404470, 0x24710000)
  from space 512K,  51% used [0x24710000, 0x24752810, 0x24790000)
  to   space 512K,   0% used [0x24790000, 0x24790000, 0x24810000)
 tenured generation   total 10944K, used 9839K [0x29810000, 0x2a2c0000, 0x342c0000)
   the space 10944K,  89% used [0x29810000, 0x2a1abeb8, 0x2a1ac000, 0x2a2c0000)
 compacting perm gen  total 12288K, used 2297K [0x342c0000, 0x34ec0000, 0x382c0000)
   the space 12288K,  18% used [0x342c0000, 0x344fe6b0, 0x344fe800, 0x34ec0000)
    ro space 10240K,  42% used [0x382c0000, 0x38704240, 0x38704400, 0x38cc0000)
    rw space 12288K,  54% used [0x38cc0000, 0x39344d58, 0x39344e00, 0x398c0000)
GC Heap History (10 events):
Event: 279.589 GC heap before
{Heap before GC invocations=373 (full 0):
 def new generation   total 4928K, used 4680K [0x242c0000, 0x24810000, 0x29810000)
  eden space 4416K,  99% used [0x242c0000, 0x2470f910, 0x24710000)
  from space 512K,  51% used [0x24790000, 0x247d2810, 0x24810000)
  to   space 512K,   0% used [0x24710000, 0x24710000, 0x24790000)
 tenured generation   total 10944K, used 9757K [0x29810000, 0x2a2c0000, 0x342c0000)
   the space 10944K,  89% used [0x29810000, 0x2a1974b8, 0x2a197600, 0x2a2c0000)
 compacting perm gen  total 12288K, used 2297K [0x342c0000, 0x34ec0000, 0x382c0000)
   the space 12288K,  18% used [0x342c0000, 0x344fe6b0, 0x344fe800, 0x34ec0000)
    ro space 10240K,  42% used [0x382c0000, 0x38704240, 0x38704400, 0x38cc0000)
    rw space 12288K,  54% used [0x38cc0000, 0x39344d58, 0x39344e00, 0x398c0000)
Event: 279.591 GC heap after
Heap after GC invocations=374 (full 0):
 def new generation   total 4928K, used 266K [0x242c0000, 0x24810000, 0x29810000)
  eden space 4416K,   0% used [0x242c0000, 0x242c0000, 0x24710000)
  from space 512K,  51% used [0x24710000, 0x24752810, 0x24790000)
  to   space 512K,   0% used [0x24790000, 0x24790000, 0x24810000)
 tenured generation   total 10944K, used 9773K [0x29810000, 0x2a2c0000, 0x342c0000)
   the space 10944K,  89% used [0x29810000, 0x2a19b6b8, 0x2a19b800, 0x2a2c0000)
 compacting perm gen  total 12288K, used 2297K [0x342c0000, 0x34ec0000, 0x382c0000)
   the space 12288K,  18% used [0x342c0000, 0x344fe6b0, 0x344fe800, 0x34ec0000)
    ro space 10240K,  42% used [0x382c0000, 0x38704240, 0x38704400, 0x38cc0000)
    rw space 12288K,  54% used [0x38cc0000, 0x39344d58, 0x39344e00, 0x398c0000)
}
Event: 280.321 GC heap before
{Heap before GC invocations=374 (full 0):
 def new generation   total 4928K, used 4680K [0x242c0000, 0x24810000, 0x29810000)
  eden space 4416K,  99% used [0x242c0000, 0x2470f910, 0x24710000)
  from space 512K,  51% used [0x24710000, 0x24752810, 0x24790000)
  to   space 512K,   0% used [0x24790000, 0x24790000, 0x24810000)
 tenured generation   total 10944K, used 9773K [0x29810000, 0x2a2c0000, 0x342c0000)
   the space 10944K,  89% used [0x29810000, 0x2a19b6b8, 0x2a19b800, 0x2a2c0000)
 compacting perm gen  total 12288K, used 2297K [0x342c0000, 0x34ec0000, 0x382c0000)
   the space 12288K,  18% used [0x342c0000, 0x344fe6b0, 0x344fe800, 0x34ec0000)
    ro space 10240K,  42% used [0x382c0000, 0x38704240, 0x38704400, 0x38cc0000)
    rw space 12288K,  54% used [0x38cc0000, 0x39344d58, 0x39344e00, 0x398c0000)
Event: 280.323 GC heap after
Heap after GC invocations=375 (full 0):
 def new generation   total 4928K, used 266K [0x242c0000, 0x24810000, 0x29810000)
  eden space 4416K,   0% used [0x242c0000, 0x242c0000, 0x24710000)
  from space 512K,  51% used [0x24790000, 0x247d2810, 0x24810000)
  to   space 512K,   0% used [0x24710000, 0x24710000, 0x24790000)
 tenured generation   total 10944K, used 9790K [0x29810000, 0x2a2c0000, 0x342c0000)
   the space 10944K,  89% used [0x29810000, 0x2a19f8b8, 0x2a19fa00, 0x2a2c0000)
 compacting perm gen  total 12288K, used 2297K [0x342c0000, 0x34ec0000, 0x382c0000)
   the space 12288K,  18% used [0x342c0000, 0x344fe6b0, 0x344fe800, 0x34ec0000)
    ro space 10240K,  42% used [0x382c0000, 0x38704240, 0x38704400, 0x38cc0000)
    rw space 12288K,  54% used [0x38cc0000, 0x39344d58, 0x39344e00, 0x398c0000)
}
Event: 281.054 GC heap before
{Heap before GC invocations=375 (full 0):
 def new generation   total 4928K, used 4680K [0x242c0000, 0x24810000, 0x29810000)
  eden space 4416K,  99% used [0x242c0000, 0x2470f910, 0x24710000)
  from space 512K,  51% used [0x24790000, 0x247d2810, 0x24810000)
  to   space 512K,   0% used [0x24710000, 0x24710000, 0x24790000)
 tenured generation   total 10944K, used 9790K [0x29810000, 0x2a2c0000, 0x342c0000)
   the space 10944K,  89% used [0x29810000, 0x2a19f8b8, 0x2a19fa00, 0x2a2c0000)
 compacting perm gen  total 12288K, used 2297K [0x342c0000, 0x34ec0000, 0x382c0000)
   the space 12288K,  18% used [0x342c0000, 0x344fe6b0, 0x344fe800, 0x34ec0000)
    ro space 10240K,  42% used [0x382c0000, 0x38704240, 0x38704400, 0x38cc0000)
    rw space 12288K,  54% used [0x38cc0000, 0x39344d58, 0x39344e00, 0x398c0000)
Event: 281.056 GC heap after
Heap after GC invocations=376 (full 0):
 def new generation   total 4928K, used 266K [0x242c0000, 0x24810000, 0x29810000)
  eden space 4416K,   0% used [0x242c0000, 0x242c0000, 0x24710000)
  from space 512K,  51% used [0x24710000, 0x24752810, 0x24790000)
  to   space 512K,   0% used [0x24790000, 0x24790000, 0x24810000)
 tenured generation   total 10944K, used 9806K [0x29810000, 0x2a2c0000, 0x342c0000)
   the space 10944K,  89% used [0x29810000, 0x2a1a3ab8, 0x2a1a3c00, 0x2a2c0000)
 compacting perm gen  total 12288K, used 2297K [0x342c0000, 0x34ec0000, 0x382c0000)
   the space 12288K,  18% used [0x342c0000, 0x344fe6b0, 0x344fe800, 0x34ec0000)
    ro space 10240K,  42% used [0x382c0000, 0x38704240, 0x38704400, 0x38cc0000)
    rw space 12288K,  54% used [0x38cc0000, 0x39344d58, 0x39344e00, 0x398c0000)
}
Event: 281.788 GC heap before
{Heap before GC invocations=376 (full 0):
 def new generation   total 4928K, used 4680K [0x242c0000, 0x24810000, 0x29810000)
  eden space 4416K,  99% used [0x242c0000, 0x2470f910, 0x24710000)
  from space 512K,  51% used [0x24710000, 0x24752810, 0x24790000)
  to   space 512K,   0% used [0x24790000, 0x24790000, 0x24810000)
 tenured generation   total 10944K, used 9806K [0x29810000, 0x2a2c0000, 0x342c0000)
   the space 10944K,  89% used [0x29810000, 0x2a1a3ab8, 0x2a1a3c00, 0x2a2c0000)
 compacting perm gen  total 12288K, used 2297K [0x342c0000, 0x34ec0000, 0x382c0000)
   the space 12288K,  18% used [0x342c0000, 0x344fe6b0, 0x344fe800, 0x34ec0000)
    ro space 10240K,  42% used [0x382c0000, 0x38704240, 0x38704400, 0x38cc0000)
    rw space 12288K,  54% used [0x38cc0000, 0x39344d58, 0x39344e00, 0x398c0000)
Event: 281.790 GC heap after
Heap after GC invocations=377 (full 0):
 def new generation   total 4928K, used 266K [0x242c0000, 0x24810000, 0x29810000)
  eden space 4416K,   0% used [0x242c0000, 0x242c0000, 0x24710000)
  from space 512K,  51% used [0x24790000, 0x247d2810, 0x24810000)
  to   space 512K,   0% used [0x24710000, 0x24710000, 0x24790000)
 tenured generation   total 10944K, used 9823K [0x29810000, 0x2a2c0000, 0x342c0000)
   the space 10944K,  89% used [0x29810000, 0x2a1a7cb8, 0x2a1a7e00, 0x2a2c0000)
 compacting perm gen  total 12288K, used 2297K [0x342c0000, 0x34ec0000, 0x382c0000)
   the space 12288K,  18% used [0x342c0000, 0x344fe6b0, 0x344fe800, 0x34ec0000)
    ro space 10240K,  42% used [0x382c0000, 0x38704240, 0x38704400, 0x38cc0000)
    rw space 12288K,  54% used [0x38cc0000, 0x39344d58, 0x39344e00, 0x398c0000)
}
Event: 282.522 GC heap before
{Heap before GC invocations=377 (full 0):
 def new generation   total 4928K, used 4680K [0x242c0000, 0x24810000, 0x29810000)
  eden space 4416K,  99% used [0x242c0000, 0x2470f910, 0x24710000)
  from space 512K,  51% used [0x24790000, 0x247d2810, 0x24810000)
  to   space 512K,   0% used [0x24710000, 0x24710000, 0x24790000)
 tenured generation   total 10944K, used 9823K [0x29810000, 0x2a2c0000, 0x342c0000)
   the space 10944K,  89% used [0x29810000, 0x2a1a7cb8, 0x2a1a7e00, 0x2a2c0000)
 compacting perm gen  total 12288K, used 2297K [0x342c0000, 0x34ec0000, 0x382c0000)
   the space 12288K,  18% used [0x342c0000, 0x344fe6b0, 0x344fe800, 0x34ec0000)
    ro space 10240K,  42% used [0x382c0000, 0x38704240, 0x38704400, 0x38cc0000)
    rw space 12288K,  54% used [0x38cc0000, 0x39344d58, 0x39344e00, 0x398c0000)
Event: 282.523 GC heap after
Heap after GC invocations=378 (full 0):
 def new generation   total 4928K, used 266K [0x242c0000, 0x24810000, 0x29810000)
  eden space 4416K,   0% used [0x242c0000, 0x242c0000, 0x24710000)
  from space 512K,  51% used [0x24710000, 0x24752810, 0x24790000)
  to   space 512K,   0% used [0x24790000, 0x24790000, 0x24810000)
 tenured generation   total 10944K, used 9839K [0x29810000, 0x2a2c0000, 0x342c0000)
   the space 10944K,  89% used [0x29810000, 0x2a1abeb8, 0x2a1ac000, 0x2a2c0000)
 compacting perm gen  total 12288K, used 2297K [0x342c0000, 0x34ec0000, 0x382c0000)
   the space 12288K,  18% used [0x342c0000, 0x344fe6b0, 0x344fe800, 0x34ec0000)
    ro space 10240K,  42% used [0x382c0000, 0x38704240, 0x38704400, 0x38cc0000)
    rw space 12288K,  54% used [0x38cc0000, 0x39344d58, 0x39344e00, 0x398c0000)
}

