# JRE version: 7.0_25-b17
# Java VM: Java HotSpot(TM) Client VM (23.25-b01 mixed mode, sharing windows-x86 )
Heap
 def new generation   total 4928K, used 3570K [0x242c0000, 0x24810000, 0x29810000)
  eden space 4416K,  74% used [0x242c0000, 0x245fa1a0, 0x24710000)
  from space 512K,  51% used [0x24710000, 0x24752720, 0x24790000)
  to   space 512K,   0% used [0x24790000, 0x24790000, 0x24810000)
 tenured generation   total 10944K, used 9565K [0x29810000, 0x2a2c0000, 0x342c0000)
   the space 10944K,  87% used [0x29810000, 0x2a1675b0, 0x2a167600, 0x2a2c0000)
 compacting perm gen  total 12288K, used 1885K [0x342c0000, 0x34ec0000, 0x382c0000)
   the space 12288K,  15% used [0x342c0000, 0x34497610, 0x34497800, 0x34ec0000)
    ro space 10240K,  42% used [0x382c0000, 0x38704240, 0x38704400, 0x38cc0000)
    rw space 12288K,  54% used [0x38cc0000, 0x39344d58, 0x39344e00, 0x398c0000)
GC Heap History (10 events):
Event: 289.241 GC heap before
{Heap before GC invocations=373 (full 0):
 def new generation   total 4928K, used 4682K [0x242c0000, 0x24810000, 0x29810000)
  eden space 4416K, 100% used [0x242c0000, 0x24710000, 0x24710000)
  from space 512K,  52% used [0x24790000, 0x247d2918, 0x24810000)
  to   space 512K,   0% used [0x24710000, 0x24710000, 0x24790000)
 tenured generation   total 10944K, used 9482K [0x29810000, 0x2a2c0000, 0x342c0000)
   the space 10944K,  86% used [0x29810000, 0x2a152aa8, 0x2a152c00, 0x2a2c0000)
 compacting perm gen  total 12288K, used 1885K [0x342c0000, 0x34ec0000, 0x382c0000)
   the space 12288K,  15% used [0x342c0000, 0x34497610, 0x34497800, 0x34ec0000)
    ro space 10240K,  42% used [0x382c0000, 0x38704240, 0x38704400, 0x38cc0000)
    rw space 12288K,  54% used [0x38cc0000, 0x39344d58, 0x39344e00, 0x398c0000)
Event: 289.242 GC heap after
Heap after GC invocations=374 (full 0):
 def new generation   total 4928K, used 265K [0x242c0000, 0x24810000, 0x29810000)
  eden space 4416K,   0% used [0x242c0000, 0x242c0000, 0x24710000)
  from space 512K,  51% used [0x24710000, 0x24752720, 0x24790000)
  to   space 512K,   0% used [0x24790000, 0x24790000, 0x24810000)
 tenured generation   total 10944K, used 9499K [0x29810000, 0x2a2c0000, 0x342c0000)
   the space 10944K,  86% used [0x29810000, 0x2a156db0, 0x2a156e00, 0x2a2c0000)
 compacting perm gen  total 12288K, used 1885K [0x342c0000, 0x34ec0000, 0x382c0000)
   the space 12288K,  15% used [0x342c0000, 0x34497610, 0x34497800, 0x34ec0000)
    ro space 10240K,  42% used [0x382c0000, 0x38704240, 0x38704400, 0x38cc0000)
    rw space 12288K,  54% used [0x38cc0000, 0x39344d58, 0x39344e00, 0x398c0000)
}
Event: 289.975 GC heap before
{Heap before GC invocations=374 (full 0):
 def new generation   total 4928K, used 4681K [0x242c0000, 0x24810000, 0x29810000)
  eden space 4416K, 100% used [0x242c0000, 0x24710000, 0x24710000)
  from space 512K,  51% used [0x24710000, 0x24752720, 0x24790000)
  to   space 512K,   0% used [0x24790000, 0x24790000, 0x24810000)
 tenured generation   total 10944K, used 9499K [0x29810000, 0x2a2c0000, 0x342c0000)
   the space 10944K,  86% used [0x29810000, 0x2a156db0, 0x2a156e00, 0x2a2c0000)
 compacting perm gen  total 12288K, used 1885K [0x342c0000, 0x34ec0000, 0x382c0000)
   the space 12288K,  15% used [0x342c0000, 0x34497610, 0x34497800, 0x34ec0000)
    ro space 10240K,  42% used [0x382c0000, 0x38704240, 0x38704400, 0x38cc0000)
    rw space 12288K,  54% used [0x38cc0000, 0x39344d58, 0x39344e00, 0x398c0000)
Event: 289.976 GC heap after
Heap after GC invocations=375 (full 0):
 def new generation   total 4928K, used 266K [0x242c0000, 0x24810000, 0x29810000)
  eden space 4416K,   0% used [0x242c0000, 0x242c0000, 0x24710000)
  from space 512K,  52% used [0x24790000, 0x247d2918, 0x24810000)
  to   space 512K,   0% used [0x24710000, 0x24710000, 0x24790000)
 tenured generation   total 10944K, used 9515K [0x29810000, 0x2a2c0000, 0x342c0000)
   the space 10944K,  86% used [0x29810000, 0x2a15aea8, 0x2a15b000, 0x2a2c0000)
 compacting perm gen  total 12288K, used 1885K [0x342c0000, 0x34ec0000, 0x382c0000)
   the space 12288K,  15% used [0x342c0000, 0x34497610, 0x34497800, 0x34ec0000)
    ro space 10240K,  42% used [0x382c0000, 0x38704240, 0x38704400, 0x38cc0000)
    rw space 12288K,  54% used [0x38cc0000, 0x39344d58, 0x39344e00, 0x398c0000)
}
Event: 290.708 GC heap before
{Heap before GC invocations=375 (full 0):
 def new generation   total 4928K, used 4682K [0x242c0000, 0x24810000, 0x29810000)
  eden space 4416K, 100% used [0x242c0000, 0x24710000, 0x24710000)
  from space 512K,  52% used [0x24790000, 0x247d2918, 0x24810000)
  to   space 512K,   0% used [0x24710000, 0x24710000, 0x24790000)
 tenured generation   total 10944K, used 9515K [0x29810000, 0x2a2c0000, 0x342c0000)
   the space 10944K,  86% used [0x29810000, 0x2a15aea8, 0x2a15b000, 0x2a2c0000)
 compacting perm gen  total 12288K, used 1885K [0x342c0000, 0x34ec0000, 0x382c0000)
   the space 12288K,  15% used [0x342c0000, 0x34497610, 0x34497800, 0x34ec0000)
    ro space 10240K,  42% used [0x382c0000, 0x38704240, 0x38704400, 0x38cc0000)
    rw space 12288K,  54% used [0x38cc0000, 0x39344d58, 0x39344e00, 0x398c0000)
Event: 290.710 GC heap after
Heap after GC invocations=376 (full 0):
 def new generation   total 4928K, used 265K [0x242c0000, 0x24810000, 0x29810000)
  eden space 4416K,   0% used [0x242c0000, 0x242c0000, 0x24710000)
  from space 512K,  51% used [0x24710000, 0x24752720, 0x24790000)
  to   space 512K,   0% used [0x24790000, 0x24790000, 0x24810000)
 tenured generation   total 10944K, used 9532K [0x29810000, 0x2a2c0000, 0x342c0000)
   the space 10944K,  87% used [0x29810000, 0x2a15f1b0, 0x2a15f200, 0x2a2c0000)
 compacting perm gen  total 12288K, used 1885K [0x342c0000, 0x34ec0000, 0x382c0000)
   the space 12288K,  15% used [0x342c0000, 0x34497610, 0x34497800, 0x34ec0000)
    ro space 10240K,  42% used [0x382c0000, 0x38704240, 0x38704400, 0x38cc0000)
    rw space 12288K,  54% used [0x38cc0000, 0x39344d58, 0x39344e00, 0x398c0000)
}
Event: 291.441 GC heap before
{Heap before GC invocations=376 (full 0):
 def new generation   total 4928K, used 4681K [0x242c0000, 0x24810000, 0x29810000)
  eden space 4416K, 100% used [0x242c0000, 0x24710000, 0x24710000)
  from space 512K,  51% used [0x24710000, 0x24752720, 0x24790000)
  to   space 512K,   0% used [0x24790000, 0x24790000, 0x24810000)
 tenured generation   total 10944K, used 9532K [0x29810000, 0x2a2c0000, 0x342c0000)
   the space 10944K,  87% used [0x29810000, 0x2a15f1b0, 0x2a15f200, 0x2a2c0000)
 compacting perm gen  total 12288K, used 1885K [0x342c0000, 0x34ec0000, 0x382c0000)
   the space 12288K,  15% used [0x342c0000, 0x34497610, 0x34497800, 0x34ec0000)
    ro space 10240K,  42% used [0x382c0000, 0x38704240, 0x38704400, 0x38cc0000)
    rw space 12288K,  54% used [0x38cc0000, 0x39344d58, 0x39344e00, 0x398c0000)
Event: 291.442 GC heap after
Heap after GC invocations=377 (full 0):
 def new generation   total 4928K, used 266K [0x242c0000, 0x24810000, 0x29810000)
  eden space 4416K,   0% used [0x242c0000, 0x242c0000, 0x24710000)
  from space 512K,  52% used [0x24790000, 0x247d2918, 0x24810000)
  to   space 512K,   0% used [0x24710000, 0x24710000, 0x24790000)
 tenured generation   total 10944K, used 9548K [0x29810000, 0x2a2c0000, 0x342c0000)
   the space 10944K,  87% used [0x29810000, 0x2a1632a8, 0x2a163400, 0x2a2c0000)
 compacting perm gen  total 12288K, used 1885K [0x342c0000, 0x34ec0000, 0x382c0000)
   the space 12288K,  15% used [0x342c0000, 0x34497610, 0x34497800, 0x34ec0000)
    ro space 10240K,  42% used [0x382c0000, 0x38704240, 0x38704400, 0x38cc0000)
    rw space 12288K,  54% used [0x38cc0000, 0x39344d58, 0x39344e00, 0x398c0000)
}
Event: 292.175 GC heap before
{Heap before GC invocations=377 (full 0):
 def new generation   total 4928K, used 4682K [0x242c0000, 0x24810000, 0x29810000)
  eden space 4416K, 100% used [0x242c0000, 0x24710000, 0x24710000)
  from space 512K,  52% used [0x24790000, 0x247d2918, 0x24810000)
  to   space 512K,   0% used [0x24710000, 0x24710000, 0x24790000)
 tenured generation   total 10944K, used 9548K [0x29810000, 0x2a2c0000, 0x342c0000)
   the space 10944K,  87% used [0x29810000, 0x2a1632a8, 0x2a163400, 0x2a2c0000)
 compacting perm gen  total 12288K, used 1885K [0x342c0000, 0x34ec0000, 0x382c0000)
   the space 12288K,  15% used [0x342c0000, 0x34497610, 0x34497800, 0x34ec0000)
    ro space 10240K,  42% used [0x382c0000, 0x38704240, 0x38704400, 0x38cc0000)
    rw space 12288K,  54% used [0x38cc0000, 0x39344d58, 0x39344e00, 0x398c0000)
Event: 292.177 GC heap after
Heap after GC invocations=378 (full 0):
 def new generation   total 4928K, used 265K [0x242c0000, 0x24810000, 0x29810000)
  eden space 4416K,   0% used [0x242c0000, 0x242c0000, 0x24710000)
  from space 512K,  51% used [0x24710000, 0x24752720, 0x24790000)
  to   space 512K,   0% used [0x24790000, 0x24790000, 0x24810000)
 tenured generation   total 10944K, used 9565K [0x29810000, 0x2a2c0000, 0x342c0000)
   the space 10944K,  87% used [0x29810000, 0x2a1675b0, 0x2a167600, 0x2a2c0000)
 compacting perm gen  total 12288K, used 1885K [0x342c0000, 0x34ec0000, 0x382c0000)
   the space 12288K,  15% used [0x342c0000, 0x34497610, 0x34497800, 0x34ec0000)
    ro space 10240K,  42% used [0x382c0000, 0x38704240, 0x38704400, 0x38cc0000)
    rw space 12288K,  54% used [0x38cc0000, 0x39344d58, 0x39344e00, 0x398c0000)
}

