# JRE version: 7.0_25-b17
# Java VM: Java HotSpot(TM) Client VM (23.25-b01 mixed mode, sharing windows-x86 )
Heap
 def new generation   total 6400K, used 3652K [0x242c0000, 0x249b0000, 0x29810000)
  eden space 5696K,  57% used [0x242c0000, 0x245f96a0, 0x24850000)
  from space 704K,  49% used [0x24900000, 0x24957b50, 0x249b0000)
  to   space 704K,   0% used [0x24850000, 0x24850000, 0x24900000)
 tenured generation   total 14092K, used 8452K [0x29810000, 0x2a5d3000, 0x342c0000)
   the space 14092K,  59% used [0x29810000, 0x2a051360, 0x2a051400, 0x2a5d3000)
 compacting perm gen  total 12288K, used 2303K [0x342c0000, 0x34ec0000, 0x382c0000)
   the space 12288K,  18% used [0x342c0000, 0x344ffe88, 0x34500000, 0x34ec0000)
    ro space 10240K,  42% used [0x382c0000, 0x38704240, 0x38704400, 0x38cc0000)
    rw space 12288K,  54% used [0x38cc0000, 0x39344d58, 0x39344e00, 0x398c0000)
GC Heap History (10 events):
Event: 288.264 GC heap before
{Heap before GC invocations=382 (full 1):
 def new generation   total 6400K, used 5920K [0x242c0000, 0x249b0000, 0x29810000)
  eden space 5696K,  99% used [0x242c0000, 0x2484a260, 0x24850000)
  from space 704K,  35% used [0x24850000, 0x2488ded0, 0x24900000)
  to   space 704K,   0% used [0x24900000, 0x24900000, 0x249b0000)
 tenured generation   total 14092K, used 8452K [0x29810000, 0x2a5d3000, 0x342c0000)
   the space 14092K,  59% used [0x29810000, 0x2a051360, 0x2a051400, 0x2a5d3000)
 compacting perm gen  total 12288K, used 2303K [0x342c0000, 0x34ec0000, 0x382c0000)
   the space 12288K,  18% used [0x342c0000, 0x344ffe88, 0x34500000, 0x34ec0000)
    ro space 10240K,  42% used [0x382c0000, 0x38704240, 0x38704400, 0x38cc0000)
    rw space 12288K,  54% used [0x38cc0000, 0x39344d58, 0x39344e00, 0x398c0000)
Event: 288.265 GC heap after
Heap after GC invocations=383 (full 1):
 def new generation   total 6400K, used 268K [0x242c0000, 0x249b0000, 0x29810000)
  eden space 5696K,   0% used [0x242c0000, 0x242c0000, 0x24850000)
  from space 704K,  38% used [0x24900000, 0x24943150, 0x249b0000)
  to   space 704K,   0% used [0x24850000, 0x24850000, 0x24900000)
 tenured generation   total 14092K, used 8452K [0x29810000, 0x2a5d3000, 0x342c0000)
   the space 14092K,  59% used [0x29810000, 0x2a051360, 0x2a051400, 0x2a5d3000)
 compacting perm gen  total 12288K, used 2303K [0x342c0000, 0x34ec0000, 0x382c0000)
   the space 12288K,  18% used [0x342c0000, 0x344ffe88, 0x34500000, 0x34ec0000)
    ro space 10240K,  42% used [0x382c0000, 0x38704240, 0x38704400, 0x38cc0000)
    rw space 12288K,  54% used [0x38cc0000, 0x39344d58, 0x39344e00, 0x398c0000)
}
Event: 289.214 GC heap before
{Heap before GC invocations=383 (full 1):
 def new generation   total 6400K, used 5941K [0x242c0000, 0x249b0000, 0x29810000)
  eden space 5696K,  99% used [0x242c0000, 0x2484a3a0, 0x24850000)
  from space 704K,  38% used [0x24900000, 0x24943150, 0x249b0000)
  to   space 704K,   0% used [0x24850000, 0x24850000, 0x24900000)
 tenured generation   total 14092K, used 8452K [0x29810000, 0x2a5d3000, 0x342c0000)
   the space 14092K,  59% used [0x29810000, 0x2a051360, 0x2a051400, 0x2a5d3000)
 compacting perm gen  total 12288K, used 2303K [0x342c0000, 0x34ec0000, 0x382c0000)
   the space 12288K,  18% used [0x342c0000, 0x344ffe88, 0x34500000, 0x34ec0000)
    ro space 10240K,  42% used [0x382c0000, 0x38704240, 0x38704400, 0x38cc0000)
    rw space 12288K,  54% used [0x38cc0000, 0x39344d58, 0x39344e00, 0x398c0000)
Event: 289.215 GC heap after
Heap after GC invocations=384 (full 1):
 def new generation   total 6400K, used 288K [0x242c0000, 0x249b0000, 0x29810000)
  eden space 5696K,   0% used [0x242c0000, 0x242c0000, 0x24850000)
  from space 704K,  41% used [0x24850000, 0x248983d0, 0x24900000)
  to   space 704K,   0% used [0x24900000, 0x24900000, 0x249b0000)
 tenured generation   total 14092K, used 8452K [0x29810000, 0x2a5d3000, 0x342c0000)
   the space 14092K,  59% used [0x29810000, 0x2a051360, 0x2a051400, 0x2a5d3000)
 compacting perm gen  total 12288K, used 2303K [0x342c0000, 0x34ec0000, 0x382c0000)
   the space 12288K,  18% used [0x342c0000, 0x344ffe88, 0x34500000, 0x34ec0000)
    ro space 10240K,  42% used [0x382c0000, 0x38704240, 0x38704400, 0x38cc0000)
    rw space 12288K,  54% used [0x38cc0000, 0x39344d58, 0x39344e00, 0x398c0000)
}
Event: 290.131 GC heap before
{Heap before GC invocations=384 (full 1):
 def new generation   total 6400K, used 5952K [0x242c0000, 0x249b0000, 0x29810000)
  eden space 5696K,  99% used [0x242c0000, 0x24847cf0, 0x24850000)
  from space 704K,  41% used [0x24850000, 0x248983d0, 0x24900000)
  to   space 704K,   0% used [0x24900000, 0x24900000, 0x249b0000)
 tenured generation   total 14092K, used 8452K [0x29810000, 0x2a5d3000, 0x342c0000)
   the space 14092K,  59% used [0x29810000, 0x2a051360, 0x2a051400, 0x2a5d3000)
 compacting perm gen  total 12288K, used 2303K [0x342c0000, 0x34ec0000, 0x382c0000)
   the space 12288K,  18% used [0x342c0000, 0x344ffe88, 0x34500000, 0x34ec0000)
    ro space 10240K,  42% used [0x382c0000, 0x38704240, 0x38704400, 0x38cc0000)
    rw space 12288K,  54% used [0x38cc0000, 0x39344d58, 0x39344e00, 0x398c0000)
Event: 290.132 GC heap after
Heap after GC invocations=385 (full 1):
 def new generation   total 6400K, used 309K [0x242c0000, 0x249b0000, 0x29810000)
  eden space 5696K,   0% used [0x242c0000, 0x242c0000, 0x24850000)
  from space 704K,  43% used [0x24900000, 0x2494d650, 0x249b0000)
  to   space 704K,   0% used [0x24850000, 0x24850000, 0x24900000)
 tenured generation   total 14092K, used 8452K [0x29810000, 0x2a5d3000, 0x342c0000)
   the space 14092K,  59% used [0x29810000, 0x2a051360, 0x2a051400, 0x2a5d3000)
 compacting perm gen  total 12288K, used 2303K [0x342c0000, 0x34ec0000, 0x382c0000)
   the space 12288K,  18% used [0x342c0000, 0x344ffe88, 0x34500000, 0x34ec0000)
    ro space 10240K,  42% used [0x382c0000, 0x38704240, 0x38704400, 0x38cc0000)
    rw space 12288K,  54% used [0x38cc0000, 0x39344d58, 0x39344e00, 0x398c0000)
}
Event: 291.050 GC heap before
{Heap before GC invocations=385 (full 1):
 def new generation   total 6400K, used 5977K [0x242c0000, 0x249b0000, 0x29810000)
  eden space 5696K,  99% used [0x242c0000, 0x24849170, 0x24850000)
  from space 704K,  43% used [0x24900000, 0x2494d650, 0x249b0000)
  to   space 704K,   0% used [0x24850000, 0x24850000, 0x24900000)
 tenured generation   total 14092K, used 8452K [0x29810000, 0x2a5d3000, 0x342c0000)
   the space 14092K,  59% used [0x29810000, 0x2a051360, 0x2a051400, 0x2a5d3000)
 compacting perm gen  total 12288K, used 2303K [0x342c0000, 0x34ec0000, 0x382c0000)
   the space 12288K,  18% used [0x342c0000, 0x344ffe88, 0x34500000, 0x34ec0000)
    ro space 10240K,  42% used [0x382c0000, 0x38704240, 0x38704400, 0x38cc0000)
    rw space 12288K,  54% used [0x38cc0000, 0x39344d58, 0x39344e00, 0x398c0000)
Event: 291.050 GC heap after
Heap after GC invocations=386 (full 1):
 def new generation   total 6400K, used 330K [0x242c0000, 0x249b0000, 0x29810000)
  eden space 5696K,   0% used [0x242c0000, 0x242c0000, 0x24850000)
  from space 704K,  46% used [0x24850000, 0x248a28d0, 0x24900000)
  to   space 704K,   0% used [0x24900000, 0x24900000, 0x249b0000)
 tenured generation   total 14092K, used 8452K [0x29810000, 0x2a5d3000, 0x342c0000)
   the space 14092K,  59% used [0x29810000, 0x2a051360, 0x2a051400, 0x2a5d3000)
 compacting perm gen  total 12288K, used 2303K [0x342c0000, 0x34ec0000, 0x382c0000)
   the space 12288K,  18% used [0x342c0000, 0x344ffe88, 0x34500000, 0x34ec0000)
    ro space 10240K,  42% used [0x382c0000, 0x38704240, 0x38704400, 0x38cc0000)
    rw space 12288K,  54% used [0x38cc0000, 0x39344d58, 0x39344e00, 0x398c0000)
}
Event: 291.966 GC heap before
{Heap before GC invocations=386 (full 1):
 def new generation   total 6400K, used 6005K [0x242c0000, 0x249b0000, 0x29810000)
  eden space 5696K,  99% used [0x242c0000, 0x2484aeb0, 0x24850000)
  from space 704K,  46% used [0x24850000, 0x248a28d0, 0x24900000)
  to   space 704K,   0% used [0x24900000, 0x24900000, 0x249b0000)
 tenured generation   total 14092K, used 8452K [0x29810000, 0x2a5d3000, 0x342c0000)
   the space 14092K,  59% used [0x29810000, 0x2a051360, 0x2a051400, 0x2a5d3000)
 compacting perm gen  total 12288K, used 2303K [0x342c0000, 0x34ec0000, 0x382c0000)
   the space 12288K,  18% used [0x342c0000, 0x344ffe88, 0x34500000, 0x34ec0000)
    ro space 10240K,  42% used [0x382c0000, 0x38704240, 0x38704400, 0x38cc0000)
    rw space 12288K,  54% used [0x38cc0000, 0x39344d58, 0x39344e00, 0x398c0000)
Event: 291.967 GC heap after
Heap after GC invocations=387 (full 1):
 def new generation   total 6400K, used 350K [0x242c0000, 0x249b0000, 0x29810000)
  eden space 5696K,   0% used [0x242c0000, 0x242c0000, 0x24850000)
  from space 704K,  49% used [0x24900000, 0x24957b50, 0x249b0000)
  to   space 704K,   0% used [0x24850000, 0x24850000, 0x24900000)
 tenured generation   total 14092K, used 8452K [0x29810000, 0x2a5d3000, 0x342c0000)
   the space 14092K,  59% used [0x29810000, 0x2a051360, 0x2a051400, 0x2a5d3000)
 compacting perm gen  total 12288K, used 2303K [0x342c0000, 0x34ec0000, 0x382c0000)
   the space 12288K,  18% used [0x342c0000, 0x344ffe88, 0x34500000, 0x34ec0000)
    ro space 10240K,  42% used [0x382c0000, 0x38704240, 0x38704400, 0x38cc0000)
    rw space 12288K,  54% used [0x38cc0000, 0x39344d58, 0x39344e00, 0x398c0000)
}

