# JRE version: 7.0_25-b17
# Java VM: Java HotSpot(TM) Client VM (23.25-b01 mixed mode, sharing windows-x86 )
Heap
 def new generation   total 4928K, used 3030K [0x242c0000, 0x24810000, 0x29810000)
  eden space 4416K,  61% used [0x242c0000, 0x245656a8, 0x24710000)
  from space 512K,  62% used [0x24710000, 0x24760418, 0x24790000)
  to   space 512K,   0% used [0x24790000, 0x24790000, 0x24810000)
 tenured generation   total 10944K, used 10185K [0x29810000, 0x2a2c0000, 0x342c0000)
   the space 10944K,  93% used [0x29810000, 0x2a2027a8, 0x2a202800, 0x2a2c0000)
 compacting perm gen  total 12288K, used 2302K [0x342c0000, 0x34ec0000, 0x382c0000)
   the space 12288K,  18% used [0x342c0000, 0x344ffb78, 0x344ffc00, 0x34ec0000)
    ro space 10240K,  42% used [0x382c0000, 0x38704240, 0x38704400, 0x38cc0000)
    rw space 12288K,  54% used [0x38cc0000, 0x39344d58, 0x39344e00, 0x398c0000)
GC Heap History (10 events):
Event: 295.810 GC heap before
{Heap before GC invocations=389 (full 0):
 def new generation   total 4928K, used 4636K [0x242c0000, 0x24810000, 0x29810000)
  eden space 4416K,  98% used [0x242c0000, 0x24702a10, 0x24710000)
  from space 512K,  53% used [0x24790000, 0x247d4718, 0x24810000)
  to   space 512K,   0% used [0x24710000, 0x24710000, 0x24790000)
 tenured generation   total 10944K, used 10154K [0x29810000, 0x2a2c0000, 0x342c0000)
   the space 10944K,  92% used [0x29810000, 0x2a1fa828, 0x2a1faa00, 0x2a2c0000)
 compacting perm gen  total 12288K, used 2302K [0x342c0000, 0x34ec0000, 0x382c0000)
   the space 12288K,  18% used [0x342c0000, 0x344ffb78, 0x344ffc00, 0x34ec0000)
    ro space 10240K,  42% used [0x382c0000, 0x38704240, 0x38704400, 0x38cc0000)
    rw space 12288K,  54% used [0x38cc0000, 0x39344d58, 0x39344e00, 0x398c0000)
Event: 295.812 GC heap after
Heap after GC invocations=390 (full 0):
 def new generation   total 4928K, used 179K [0x242c0000, 0x24810000, 0x29810000)
  eden space 4416K,   0% used [0x242c0000, 0x242c0000, 0x24710000)
  from space 512K,  35% used [0x24710000, 0x2473cf88, 0x24790000)
  to   space 512K,   0% used [0x24790000, 0x24790000, 0x24810000)
 tenured generation   total 10944K, used 10185K [0x29810000, 0x2a2c0000, 0x342c0000)
   the space 10944K,  93% used [0x29810000, 0x2a2027a8, 0x2a202800, 0x2a2c0000)
 compacting perm gen  total 12288K, used 2302K [0x342c0000, 0x34ec0000, 0x382c0000)
   the space 12288K,  18% used [0x342c0000, 0x344ffb78, 0x344ffc00, 0x34ec0000)
    ro space 10240K,  42% used [0x382c0000, 0x38704240, 0x38704400, 0x38cc0000)
    rw space 12288K,  54% used [0x38cc0000, 0x39344d58, 0x39344e00, 0x398c0000)
}
Event: 296.510 GC heap before
{Heap before GC invocations=390 (full 0):
 def new generation   total 4928K, used 4534K [0x242c0000, 0x24810000, 0x29810000)
  eden space 4416K,  98% used [0x242c0000, 0x24700a18, 0x24710000)
  from space 512K,  35% used [0x24710000, 0x2473cf88, 0x24790000)
  to   space 512K,   0% used [0x24790000, 0x24790000, 0x24810000)
 tenured generation   total 10944K, used 10185K [0x29810000, 0x2a2c0000, 0x342c0000)
   the space 10944K,  93% used [0x29810000, 0x2a2027a8, 0x2a202800, 0x2a2c0000)
 compacting perm gen  total 12288K, used 2302K [0x342c0000, 0x34ec0000, 0x382c0000)
   the space 12288K,  18% used [0x342c0000, 0x344ffb78, 0x344ffc00, 0x34ec0000)
    ro space 10240K,  42% used [0x382c0000, 0x38704240, 0x38704400, 0x38cc0000)
    rw space 12288K,  54% used [0x38cc0000, 0x39344d58, 0x39344e00, 0x398c0000)
Event: 296.511 GC heap after
Heap after GC invocations=391 (full 0):
 def new generation   total 4928K, used 195K [0x242c0000, 0x24810000, 0x29810000)
  eden space 4416K,   0% used [0x242c0000, 0x242c0000, 0x24710000)
  from space 512K,  38% used [0x24790000, 0x247c0e88, 0x24810000)
  to   space 512K,   0% used [0x24710000, 0x24710000, 0x24790000)
 tenured generation   total 10944K, used 10185K [0x29810000, 0x2a2c0000, 0x342c0000)
   the space 10944K,  93% used [0x29810000, 0x2a2027a8, 0x2a202800, 0x2a2c0000)
 compacting perm gen  total 12288K, used 2302K [0x342c0000, 0x34ec0000, 0x382c0000)
   the space 12288K,  18% used [0x342c0000, 0x344ffb78, 0x344ffc00, 0x34ec0000)
    ro space 10240K,  42% used [0x382c0000, 0x38704240, 0x38704400, 0x38cc0000)
    rw space 12288K,  54% used [0x38cc0000, 0x39344d58, 0x39344e00, 0x398c0000)
}
Event: 297.210 GC heap before
{Heap before GC invocations=391 (full 0):
 def new generation   total 4928K, used 4535K [0x242c0000, 0x24810000, 0x29810000)
  eden space 4416K,  98% used [0x242c0000, 0x246fcd90, 0x24710000)
  from space 512K,  38% used [0x24790000, 0x247c0e88, 0x24810000)
  to   space 512K,   0% used [0x24710000, 0x24710000, 0x24790000)
 tenured generation   total 10944K, used 10185K [0x29810000, 0x2a2c0000, 0x342c0000)
   the space 10944K,  93% used [0x29810000, 0x2a2027a8, 0x2a202800, 0x2a2c0000)
 compacting perm gen  total 12288K, used 2302K [0x342c0000, 0x34ec0000, 0x382c0000)
   the space 12288K,  18% used [0x342c0000, 0x344ffb78, 0x344ffc00, 0x34ec0000)
    ro space 10240K,  42% used [0x382c0000, 0x38704240, 0x38704400, 0x38cc0000)
    rw space 12288K,  54% used [0x38cc0000, 0x39344d58, 0x39344e00, 0x398c0000)
Event: 297.212 GC heap after
Heap after GC invocations=392 (full 0):
 def new generation   total 4928K, used 211K [0x242c0000, 0x24810000, 0x29810000)
  eden space 4416K,   0% used [0x242c0000, 0x242c0000, 0x24710000)
  from space 512K,  41% used [0x24710000, 0x24744d88, 0x24790000)
  to   space 512K,   0% used [0x24790000, 0x24790000, 0x24810000)
 tenured generation   total 10944K, used 10185K [0x29810000, 0x2a2c0000, 0x342c0000)
   the space 10944K,  93% used [0x29810000, 0x2a2027a8, 0x2a202800, 0x2a2c0000)
 compacting perm gen  total 12288K, used 2302K [0x342c0000, 0x34ec0000, 0x382c0000)
   the space 12288K,  18% used [0x342c0000, 0x344ffb78, 0x344ffc00, 0x34ec0000)
    ro space 10240K,  42% used [0x382c0000, 0x38704240, 0x38704400, 0x38cc0000)
    rw space 12288K,  54% used [0x38cc0000, 0x39344d58, 0x39344e00, 0x398c0000)
}
Event: 297.909 GC heap before
{Heap before GC invocations=392 (full 0):
 def new generation   total 4928K, used 4566K [0x242c0000, 0x24810000, 0x29810000)
  eden space 4416K,  98% used [0x242c0000, 0x24700b60, 0x24710000)
  from space 512K,  41% used [0x24710000, 0x24744d88, 0x24790000)
  to   space 512K,   0% used [0x24790000, 0x24790000, 0x24810000)
 tenured generation   total 10944K, used 10185K [0x29810000, 0x2a2c0000, 0x342c0000)
   the space 10944K,  93% used [0x29810000, 0x2a2027a8, 0x2a202800, 0x2a2c0000)
 compacting perm gen  total 12288K, used 2302K [0x342c0000, 0x34ec0000, 0x382c0000)
   the space 12288K,  18% used [0x342c0000, 0x344ffb78, 0x344ffc00, 0x34ec0000)
    ro space 10240K,  42% used [0x382c0000, 0x38704240, 0x38704400, 0x38cc0000)
    rw space 12288K,  54% used [0x38cc0000, 0x39344d58, 0x39344e00, 0x398c0000)
Event: 297.910 GC heap after
Heap after GC invocations=393 (full 0):
 def new generation   total 4928K, used 227K [0x242c0000, 0x24810000, 0x29810000)
  eden space 4416K,   0% used [0x242c0000, 0x242c0000, 0x24710000)
  from space 512K,  44% used [0x24790000, 0x247c8c88, 0x24810000)
  to   space 512K,   0% used [0x24710000, 0x24710000, 0x24790000)
 tenured generation   total 10944K, used 10185K [0x29810000, 0x2a2c0000, 0x342c0000)
   the space 10944K,  93% used [0x29810000, 0x2a2027a8, 0x2a202800, 0x2a2c0000)
 compacting perm gen  total 12288K, used 2302K [0x342c0000, 0x34ec0000, 0x382c0000)
   the space 12288K,  18% used [0x342c0000, 0x344ffb78, 0x344ffc00, 0x34ec0000)
    ro space 10240K,  42% used [0x382c0000, 0x38704240, 0x38704400, 0x38cc0000)
    rw space 12288K,  54% used [0x38cc0000, 0x39344d58, 0x39344e00, 0x398c0000)
}
Event: 298.609 GC heap before
{Heap before GC invocations=393 (full 0):
 def new generation   total 4928K, used 4641K [0x242c0000, 0x24810000, 0x29810000)
  eden space 4416K,  99% used [0x242c0000, 0x2470fb20, 0x24710000)
  from space 512K,  44% used [0x24790000, 0x247c8c88, 0x24810000)
  to   space 512K,   0% used [0x24710000, 0x24710000, 0x24790000)
 tenured generation   total 10944K, used 10185K [0x29810000, 0x2a2c0000, 0x342c0000)
   the space 10944K,  93% used [0x29810000, 0x2a2027a8, 0x2a202800, 0x2a2c0000)
 compacting perm gen  total 12288K, used 2302K [0x342c0000, 0x34ec0000, 0x382c0000)
   the space 12288K,  18% used [0x342c0000, 0x344ffb78, 0x344ffc00, 0x34ec0000)
    ro space 10240K,  42% used [0x382c0000, 0x38704240, 0x38704400, 0x38cc0000)
    rw space 12288K,  54% used [0x38cc0000, 0x39344d58, 0x39344e00, 0x398c0000)
Event: 298.611 GC heap after
Heap after GC invocations=394 (full 0):
 def new generation   total 4928K, used 321K [0x242c0000, 0x24810000, 0x29810000)
  eden space 4416K,   0% used [0x242c0000, 0x242c0000, 0x24710000)
  from space 512K,  62% used [0x24710000, 0x24760418, 0x24790000)
  to   space 512K,   0% used [0x24790000, 0x24790000, 0x24810000)
 tenured generation   total 10944K, used 10185K [0x29810000, 0x2a2c0000, 0x342c0000)
   the space 10944K,  93% used [0x29810000, 0x2a2027a8, 0x2a202800, 0x2a2c0000)
 compacting perm gen  total 12288K, used 2302K [0x342c0000, 0x34ec0000, 0x382c0000)
   the space 12288K,  18% used [0x342c0000, 0x344ffb78, 0x344ffc00, 0x34ec0000)
    ro space 10240K,  42% used [0x382c0000, 0x38704240, 0x38704400, 0x38cc0000)
    rw space 12288K,  54% used [0x38cc0000, 0x39344d58, 0x39344e00, 0x398c0000)
}

