# JRE version: 7.0_25-b17
# Java VM: Java HotSpot(TM) Client VM (23.25-b01 mixed mode, sharing windows-x86 )
Heap
 def new generation   total 4928K, used 1364K [0x242c0000, 0x24810000, 0x29810000)
  eden space 4416K,  24% used [0x242c0000, 0x243d2be0, 0x24710000)
  from space 512K,  51% used [0x24710000, 0x24752810, 0x24790000)
  to   space 512K,   0% used [0x24790000, 0x24790000, 0x24810000)
 tenured generation   total 10944K, used 10485K [0x29810000, 0x2a2c0000, 0x342c0000)
   the space 10944K,  95% used [0x29810000, 0x2a24d7b0, 0x2a24d800, 0x2a2c0000)
 compacting perm gen  total 12288K, used 2297K [0x342c0000, 0x34ec0000, 0x382c0000)
   the space 12288K,  18% used [0x342c0000, 0x344fe7f0, 0x344fe800, 0x34ec0000)
    ro space 10240K,  42% used [0x382c0000, 0x38704240, 0x38704400, 0x38cc0000)
    rw space 12288K,  54% used [0x38cc0000, 0x39344d58, 0x39344e00, 0x398c0000)
GC Heap History (10 events):
Event: 303.523 GC heap before
{Heap before GC invocations=375 (full 0):
 def new generation   total 4928K, used 4680K [0x242c0000, 0x24810000, 0x29810000)
  eden space 4416K,  99% used [0x242c0000, 0x2470f910, 0x24710000)
  from space 512K,  51% used [0x24790000, 0x247d2810, 0x24810000)
  to   space 512K,   0% used [0x24710000, 0x24710000, 0x24790000)
 tenured generation   total 10944K, used 10403K [0x29810000, 0x2a2c0000, 0x342c0000)
   the space 10944K,  95% used [0x29810000, 0x2a238db0, 0x2a238e00, 0x2a2c0000)
 compacting perm gen  total 12288K, used 2297K [0x342c0000, 0x34ec0000, 0x382c0000)
   the space 12288K,  18% used [0x342c0000, 0x344fe7f0, 0x344fe800, 0x34ec0000)
    ro space 10240K,  42% used [0x382c0000, 0x38704240, 0x38704400, 0x38cc0000)
    rw space 12288K,  54% used [0x38cc0000, 0x39344d58, 0x39344e00, 0x398c0000)
Event: 303.524 GC heap after
Heap after GC invocations=376 (full 0):
 def new generation   total 4928K, used 266K [0x242c0000, 0x24810000, 0x29810000)
  eden space 4416K,   0% used [0x242c0000, 0x242c0000, 0x24710000)
  from space 512K,  51% used [0x24710000, 0x24752810, 0x24790000)
  to   space 512K,   0% used [0x24790000, 0x24790000, 0x24810000)
 tenured generation   total 10944K, used 10419K [0x29810000, 0x2a2c0000, 0x342c0000)
   the space 10944K,  95% used [0x29810000, 0x2a23cfb0, 0x2a23d000, 0x2a2c0000)
 compacting perm gen  total 12288K, used 2297K [0x342c0000, 0x34ec0000, 0x382c0000)
   the space 12288K,  18% used [0x342c0000, 0x344fe7f0, 0x344fe800, 0x34ec0000)
    ro space 10240K,  42% used [0x382c0000, 0x38704240, 0x38704400, 0x38cc0000)
    rw space 12288K,  54% used [0x38cc0000, 0x39344d58, 0x39344e00, 0x398c0000)
}
Event: 304.252 GC heap before
{Heap before GC invocations=376 (full 0):
 def new generation   total 4928K, used 4680K [0x242c0000, 0x24810000, 0x29810000)
  eden space 4416K,  99% used [0x242c0000, 0x2470f910, 0x24710000)
  from space 512K,  51% used [0x24710000, 0x24752810, 0x24790000)
  to   space 512K,   0% used [0x24790000, 0x24790000, 0x24810000)
 tenured generation   total 10944K, used 10419K [0x29810000, 0x2a2c0000, 0x342c0000)
   the space 10944K,  95% used [0x29810000, 0x2a23cfb0, 0x2a23d000, 0x2a2c0000)
 compacting perm gen  total 12288K, used 2297K [0x342c0000, 0x34ec0000, 0x382c0000)
   the space 12288K,  18% used [0x342c0000, 0x344fe7f0, 0x344fe800, 0x34ec0000)
    ro space 10240K,  42% used [0x382c0000, 0x38704240, 0x38704400, 0x38cc0000)
    rw space 12288K,  54% used [0x38cc0000, 0x39344d58, 0x39344e00, 0x398c0000)
Event: 304.253 GC heap after
Heap after GC invocations=377 (full 0):
 def new generation   total 4928K, used 266K [0x242c0000, 0x24810000, 0x29810000)
  eden space 4416K,   0% used [0x242c0000, 0x242c0000, 0x24710000)
  from space 512K,  51% used [0x24790000, 0x247d2810, 0x24810000)
  to   space 512K,   0% used [0x24710000, 0x24710000, 0x24790000)
 tenured generation   total 10944K, used 10436K [0x29810000, 0x2a2c0000, 0x342c0000)
   the space 10944K,  95% used [0x29810000, 0x2a2411b0, 0x2a241200, 0x2a2c0000)
 compacting perm gen  total 12288K, used 2297K [0x342c0000, 0x34ec0000, 0x382c0000)
   the space 12288K,  18% used [0x342c0000, 0x344fe7f0, 0x344fe800, 0x34ec0000)
    ro space 10240K,  42% used [0x382c0000, 0x38704240, 0x38704400, 0x38cc0000)
    rw space 12288K,  54% used [0x38cc0000, 0x39344d58, 0x39344e00, 0x398c0000)
}
Event: 304.985 GC heap before
{Heap before GC invocations=377 (full 0):
 def new generation   total 4928K, used 4680K [0x242c0000, 0x24810000, 0x29810000)
  eden space 4416K,  99% used [0x242c0000, 0x2470f910, 0x24710000)
  from space 512K,  51% used [0x24790000, 0x247d2810, 0x24810000)
  to   space 512K,   0% used [0x24710000, 0x24710000, 0x24790000)
 tenured generation   total 10944K, used 10436K [0x29810000, 0x2a2c0000, 0x342c0000)
   the space 10944K,  95% used [0x29810000, 0x2a2411b0, 0x2a241200, 0x2a2c0000)
 compacting perm gen  total 12288K, used 2297K [0x342c0000, 0x34ec0000, 0x382c0000)
   the space 12288K,  18% used [0x342c0000, 0x344fe7f0, 0x344fe800, 0x34ec0000)
    ro space 10240K,  42% used [0x382c0000, 0x38704240, 0x38704400, 0x38cc0000)
    rw space 12288K,  54% used [0x38cc0000, 0x39344d58, 0x39344e00, 0x398c0000)
Event: 304.986 GC heap after
Heap after GC invocations=378 (full 0):
 def new generation   total 4928K, used 266K [0x242c0000, 0x24810000, 0x29810000)
  eden space 4416K,   0% used [0x242c0000, 0x242c0000, 0x24710000)
  from space 512K,  51% used [0x24710000, 0x24752810, 0x24790000)
  to   space 512K,   0% used [0x24790000, 0x24790000, 0x24810000)
 tenured generation   total 10944K, used 10452K [0x29810000, 0x2a2c0000, 0x342c0000)
   the space 10944K,  95% used [0x29810000, 0x2a2453b0, 0x2a245400, 0x2a2c0000)
 compacting perm gen  total 12288K, used 2297K [0x342c0000, 0x34ec0000, 0x382c0000)
   the space 12288K,  18% used [0x342c0000, 0x344fe7f0, 0x344fe800, 0x34ec0000)
    ro space 10240K,  42% used [0x382c0000, 0x38704240, 0x38704400, 0x38cc0000)
    rw space 12288K,  54% used [0x38cc0000, 0x39344d58, 0x39344e00, 0x398c0000)
}
Event: 305.719 GC heap before
{Heap before GC invocations=378 (full 0):
 def new generation   total 4928K, used 4680K [0x242c0000, 0x24810000, 0x29810000)
  eden space 4416K,  99% used [0x242c0000, 0x2470f910, 0x24710000)
  from space 512K,  51% used [0x24710000, 0x24752810, 0x24790000)
  to   space 512K,   0% used [0x24790000, 0x24790000, 0x24810000)
 tenured generation   total 10944K, used 10452K [0x29810000, 0x2a2c0000, 0x342c0000)
   the space 10944K,  95% used [0x29810000, 0x2a2453b0, 0x2a245400, 0x2a2c0000)
 compacting perm gen  total 12288K, used 2297K [0x342c0000, 0x34ec0000, 0x382c0000)
   the space 12288K,  18% used [0x342c0000, 0x344fe7f0, 0x344fe800, 0x34ec0000)
    ro space 10240K,  42% used [0x382c0000, 0x38704240, 0x38704400, 0x38cc0000)
    rw space 12288K,  54% used [0x38cc0000, 0x39344d58, 0x39344e00, 0x398c0000)
Event: 305.720 GC heap after
Heap after GC invocations=379 (full 0):
 def new generation   total 4928K, used 266K [0x242c0000, 0x24810000, 0x29810000)
  eden space 4416K,   0% used [0x242c0000, 0x242c0000, 0x24710000)
  from space 512K,  51% used [0x24790000, 0x247d2810, 0x24810000)
  to   space 512K,   0% used [0x24710000, 0x24710000, 0x24790000)
 tenured generation   total 10944K, used 10469K [0x29810000, 0x2a2c0000, 0x342c0000)
   the space 10944K,  95% used [0x29810000, 0x2a2495b0, 0x2a249600, 0x2a2c0000)
 compacting perm gen  total 12288K, used 2297K [0x342c0000, 0x34ec0000, 0x382c0000)
   the space 12288K,  18% used [0x342c0000, 0x344fe7f0, 0x344fe800, 0x34ec0000)
    ro space 10240K,  42% used [0x382c0000, 0x38704240, 0x38704400, 0x38cc0000)
    rw space 12288K,  54% used [0x38cc0000, 0x39344d58, 0x39344e00, 0x398c0000)
}
Event: 306.453 GC heap before
{Heap before GC invocations=379 (full 0):
 def new generation   total 4928K, used 4680K [0x242c0000, 0x24810000, 0x29810000)
  eden space 4416K,  99% used [0x242c0000, 0x2470f910, 0x24710000)
  from space 512K,  51% used [0x24790000, 0x247d2810, 0x24810000)
  to   space 512K,   0% used [0x24710000, 0x24710000, 0x24790000)
 tenured generation   total 10944K, used 10469K [0x29810000, 0x2a2c0000, 0x342c0000)
   the space 10944K,  95% used [0x29810000, 0x2a2495b0, 0x2a249600, 0x2a2c0000)
 compacting perm gen  total 12288K, used 2297K [0x342c0000, 0x34ec0000, 0x382c0000)
   the space 12288K,  18% used [0x342c0000, 0x344fe7f0, 0x344fe800, 0x34ec0000)
    ro space 10240K,  42% used [0x382c0000, 0x38704240, 0x38704400, 0x38cc0000)
    rw space 12288K,  54% used [0x38cc0000, 0x39344d58, 0x39344e00, 0x398c0000)
Event: 306.453 GC heap after
Heap after GC invocations=380 (full 0):
 def new generation   total 4928K, used 266K [0x242c0000, 0x24810000, 0x29810000)
  eden space 4416K,   0% used [0x242c0000, 0x242c0000, 0x24710000)
  from space 512K,  51% used [0x24710000, 0x24752810, 0x24790000)
  to   space 512K,   0% used [0x24790000, 0x24790000, 0x24810000)
 tenured generation   total 10944K, used 10485K [0x29810000, 0x2a2c0000, 0x342c0000)
   the space 10944K,  95% used [0x29810000, 0x2a24d7b0, 0x2a24d800, 0x2a2c0000)
 compacting perm gen  total 12288K, used 2297K [0x342c0000, 0x34ec0000, 0x382c0000)
   the space 12288K,  18% used [0x342c0000, 0x344fe7f0, 0x344fe800, 0x34ec0000)
    ro space 10240K,  42% used [0x382c0000, 0x38704240, 0x38704400, 0x38cc0000)
    rw space 12288K,  54% used [0x38cc0000, 0x39344d58, 0x39344e00, 0x398c0000)
}

