# JRE version: 7.0_25-b17
# Java VM: Java HotSpot(TM) Client VM (23.25-b01 mixed mode, sharing windows-x86 )
Heap
 def new generation   total 5760K, used 4259K [0x242c0000, 0x24900000, 0x29810000)
  eden space 5120K,  76% used [0x242c0000, 0x246980a0, 0x247c0000)
  from space 640K,  50% used [0x247c0000, 0x24810d90, 0x24860000)
  to   space 640K,   0% used [0x24860000, 0x24860000, 0x24900000)
 tenured generation   total 12716K, used 8876K [0x29810000, 0x2a47b000, 0x342c0000)
   the space 12716K,  69% used [0x29810000, 0x2a0bb070, 0x2a0bb200, 0x2a47b000)
 compacting perm gen  total 12288K, used 2302K [0x342c0000, 0x34ec0000, 0x382c0000)
   the space 12288K,  18% used [0x342c0000, 0x344ff868, 0x344ffa00, 0x34ec0000)
    ro space 10240K,  42% used [0x382c0000, 0x38704240, 0x38704400, 0x38cc0000)
    rw space 12288K,  54% used [0x38cc0000, 0x39344d58, 0x39344e00, 0x398c0000)
GC Heap History (10 events):
Event: 339.615 GC heap before
{Heap before GC invocations=384 (full 1):
 def new generation   total 5760K, used 5401K [0x242c0000, 0x24900000, 0x29810000)
  eden space 5120K,  99% used [0x242c0000, 0x247b57f0, 0x247c0000)
  from space 640K,  50% used [0x24860000, 0x248b0d90, 0x24900000)
  to   space 640K,   0% used [0x247c0000, 0x247c0000, 0x24860000)
 tenured generation   total 12716K, used 8784K [0x29810000, 0x2a47b000, 0x342c0000)
   the space 12716K,  69% used [0x29810000, 0x2a0a40f0, 0x2a0a4200, 0x2a47b000)
 compacting perm gen  total 12288K, used 2302K [0x342c0000, 0x34ec0000, 0x382c0000)
   the space 12288K,  18% used [0x342c0000, 0x344ff868, 0x344ffa00, 0x34ec0000)
    ro space 10240K,  42% used [0x382c0000, 0x38704240, 0x38704400, 0x38cc0000)
    rw space 12288K,  54% used [0x38cc0000, 0x39344d58, 0x39344e00, 0x398c0000)
Event: 339.617 GC heap after
Heap after GC invocations=385 (full 1):
 def new generation   total 5760K, used 323K [0x242c0000, 0x24900000, 0x29810000)
  eden space 5120K,   0% used [0x242c0000, 0x242c0000, 0x247c0000)
  from space 640K,  50% used [0x247c0000, 0x24810d90, 0x24860000)
  to   space 640K,   0% used [0x24860000, 0x24860000, 0x24900000)
 tenured generation   total 12716K, used 8802K [0x29810000, 0x2a47b000, 0x342c0000)
   the space 12716K,  69% used [0x29810000, 0x2a0a8a70, 0x2a0a8c00, 0x2a47b000)
 compacting perm gen  total 12288K, used 2302K [0x342c0000, 0x34ec0000, 0x382c0000)
   the space 12288K,  18% used [0x342c0000, 0x344ff868, 0x344ffa00, 0x34ec0000)
    ro space 10240K,  42% used [0x382c0000, 0x38704240, 0x38704400, 0x38cc0000)
    rw space 12288K,  54% used [0x38cc0000, 0x39344d58, 0x39344e00, 0x398c0000)
}
Event: 340.431 GC heap before
{Heap before GC invocations=385 (full 1):
 def new generation   total 5760K, used 5404K [0x242c0000, 0x24900000, 0x29810000)
  eden space 5120K,  99% used [0x242c0000, 0x247b6450, 0x247c0000)
  from space 640K,  50% used [0x247c0000, 0x24810d90, 0x24860000)
  to   space 640K,   0% used [0x24860000, 0x24860000, 0x24900000)
 tenured generation   total 12716K, used 8802K [0x29810000, 0x2a47b000, 0x342c0000)
   the space 12716K,  69% used [0x29810000, 0x2a0a8a70, 0x2a0a8c00, 0x2a47b000)
 compacting perm gen  total 12288K, used 2302K [0x342c0000, 0x34ec0000, 0x382c0000)
   the space 12288K,  18% used [0x342c0000, 0x344ff868, 0x344ffa00, 0x34ec0000)
    ro space 10240K,  42% used [0x382c0000, 0x38704240, 0x38704400, 0x38cc0000)
    rw space 12288K,  54% used [0x38cc0000, 0x39344d58, 0x39344e00, 0x398c0000)
Event: 340.432 GC heap after
Heap after GC invocations=386 (full 1):
 def new generation   total 5760K, used 323K [0x242c0000, 0x24900000, 0x29810000)
  eden space 5120K,   0% used [0x242c0000, 0x242c0000, 0x247c0000)
  from space 640K,  50% used [0x24860000, 0x248b0d90, 0x24900000)
  to   space 640K,   0% used [0x247c0000, 0x247c0000, 0x24860000)
 tenured generation   total 12716K, used 8820K [0x29810000, 0x2a47b000, 0x342c0000)
   the space 12716K,  69% used [0x29810000, 0x2a0ad3f0, 0x2a0ad400, 0x2a47b000)
 compacting perm gen  total 12288K, used 2302K [0x342c0000, 0x34ec0000, 0x382c0000)
   the space 12288K,  18% used [0x342c0000, 0x344ff868, 0x344ffa00, 0x34ec0000)
    ro space 10240K,  42% used [0x382c0000, 0x38704240, 0x38704400, 0x38cc0000)
    rw space 12288K,  54% used [0x38cc0000, 0x39344d58, 0x39344e00, 0x398c0000)
}
Event: 341.248 GC heap before
{Heap before GC invocations=386 (full 1):
 def new generation   total 5760K, used 5395K [0x242c0000, 0x24900000, 0x29810000)
  eden space 5120K,  99% used [0x242c0000, 0x247b41e0, 0x247c0000)
  from space 640K,  50% used [0x24860000, 0x248b0d90, 0x24900000)
  to   space 640K,   0% used [0x247c0000, 0x247c0000, 0x24860000)
 tenured generation   total 12716K, used 8820K [0x29810000, 0x2a47b000, 0x342c0000)
   the space 12716K,  69% used [0x29810000, 0x2a0ad3f0, 0x2a0ad400, 0x2a47b000)
 compacting perm gen  total 12288K, used 2302K [0x342c0000, 0x34ec0000, 0x382c0000)
   the space 12288K,  18% used [0x342c0000, 0x344ff868, 0x344ffa00, 0x34ec0000)
    ro space 10240K,  42% used [0x382c0000, 0x38704240, 0x38704400, 0x38cc0000)
    rw space 12288K,  54% used [0x38cc0000, 0x39344d58, 0x39344e00, 0x398c0000)
Event: 341.250 GC heap after
Heap after GC invocations=387 (full 1):
 def new generation   total 5760K, used 323K [0x242c0000, 0x24900000, 0x29810000)
  eden space 5120K,   0% used [0x242c0000, 0x242c0000, 0x247c0000)
  from space 640K,  50% used [0x247c0000, 0x24810d90, 0x24860000)
  to   space 640K,   0% used [0x24860000, 0x24860000, 0x24900000)
 tenured generation   total 12716K, used 8839K [0x29810000, 0x2a47b000, 0x342c0000)
   the space 12716K,  69% used [0x29810000, 0x2a0b1d70, 0x2a0b1e00, 0x2a47b000)
 compacting perm gen  total 12288K, used 2302K [0x342c0000, 0x34ec0000, 0x382c0000)
   the space 12288K,  18% used [0x342c0000, 0x344ff868, 0x344ffa00, 0x34ec0000)
    ro space 10240K,  42% used [0x382c0000, 0x38704240, 0x38704400, 0x38cc0000)
    rw space 12288K,  54% used [0x38cc0000, 0x39344d58, 0x39344e00, 0x398c0000)
}
Event: 342.065 GC heap before
{Heap before GC invocations=387 (full 1):
 def new generation   total 5760K, used 5399K [0x242c0000, 0x24900000, 0x29810000)
  eden space 5120K,  99% used [0x242c0000, 0x247b4ff0, 0x247c0000)
  from space 640K,  50% used [0x247c0000, 0x24810d90, 0x24860000)
  to   space 640K,   0% used [0x24860000, 0x24860000, 0x24900000)
 tenured generation   total 12716K, used 8839K [0x29810000, 0x2a47b000, 0x342c0000)
   the space 12716K,  69% used [0x29810000, 0x2a0b1d70, 0x2a0b1e00, 0x2a47b000)
 compacting perm gen  total 12288K, used 2302K [0x342c0000, 0x34ec0000, 0x382c0000)
   the space 12288K,  18% used [0x342c0000, 0x344ff868, 0x344ffa00, 0x34ec0000)
    ro space 10240K,  42% used [0x382c0000, 0x38704240, 0x38704400, 0x38cc0000)
    rw space 12288K,  54% used [0x38cc0000, 0x39344d58, 0x39344e00, 0x398c0000)
Event: 342.067 GC heap after
Heap after GC invocations=388 (full 1):
 def new generation   total 5760K, used 323K [0x242c0000, 0x24900000, 0x29810000)
  eden space 5120K,   0% used [0x242c0000, 0x242c0000, 0x247c0000)
  from space 640K,  50% used [0x24860000, 0x248b0d90, 0x24900000)
  to   space 640K,   0% used [0x247c0000, 0x247c0000, 0x24860000)
 tenured generation   total 12716K, used 8857K [0x29810000, 0x2a47b000, 0x342c0000)
   the space 12716K,  69% used [0x29810000, 0x2a0b66f0, 0x2a0b6800, 0x2a47b000)
 compacting perm gen  total 12288K, used 2302K [0x342c0000, 0x34ec0000, 0x382c0000)
   the space 12288K,  18% used [0x342c0000, 0x344ff868, 0x344ffa00, 0x34ec0000)
    ro space 10240K,  42% used [0x382c0000, 0x38704240, 0x38704400, 0x38cc0000)
    rw space 12288K,  54% used [0x38cc0000, 0x39344d58, 0x39344e00, 0x398c0000)
}
Event: 342.881 GC heap before
{Heap before GC invocations=388 (full 1):
 def new generation   total 5760K, used 5402K [0x242c0000, 0x24900000, 0x29810000)
  eden space 5120K,  99% used [0x242c0000, 0x247b5c90, 0x247c0000)
  from space 640K,  50% used [0x24860000, 0x248b0d90, 0x24900000)
  to   space 640K,   0% used [0x247c0000, 0x247c0000, 0x24860000)
 tenured generation   total 12716K, used 8857K [0x29810000, 0x2a47b000, 0x342c0000)
   the space 12716K,  69% used [0x29810000, 0x2a0b66f0, 0x2a0b6800, 0x2a47b000)
 compacting perm gen  total 12288K, used 2302K [0x342c0000, 0x34ec0000, 0x382c0000)
   the space 12288K,  18% used [0x342c0000, 0x344ff868, 0x344ffa00, 0x34ec0000)
    ro space 10240K,  42% used [0x382c0000, 0x38704240, 0x38704400, 0x38cc0000)
    rw space 12288K,  54% used [0x38cc0000, 0x39344d58, 0x39344e00, 0x398c0000)
Event: 342.883 GC heap after
Heap after GC invocations=389 (full 1):
 def new generation   total 5760K, used 323K [0x242c0000, 0x24900000, 0x29810000)
  eden space 5120K,   0% used [0x242c0000, 0x242c0000, 0x247c0000)
  from space 640K,  50% used [0x247c0000, 0x24810d90, 0x24860000)
  to   space 640K,   0% used [0x24860000, 0x24860000, 0x24900000)
 tenured generation   total 12716K, used 8876K [0x29810000, 0x2a47b000, 0x342c0000)
   the space 12716K,  69% used [0x29810000, 0x2a0bb070, 0x2a0bb200, 0x2a47b000)
 compacting perm gen  total 12288K, used 2302K [0x342c0000, 0x34ec0000, 0x382c0000)
   the space 12288K,  18% used [0x342c0000, 0x344ff868, 0x344ffa00, 0x34ec0000)
    ro space 10240K,  42% used [0x382c0000, 0x38704240, 0x38704400, 0x38cc0000)
    rw space 12288K,  54% used [0x38cc0000, 0x39344d58, 0x39344e00, 0x398c0000)
}

