# JRE version: 7.0_25-b17
# Java VM: Java HotSpot(TM) Client VM (23.25-b01 mixed mode, sharing windows-x86 )
Heap
 def new generation   total 6400K, used 5149K [0x242c0000, 0x249b0000, 0x29810000)
  eden space 5696K,  84% used [0x242c0000, 0x2476c8e0, 0x24850000)
  from space 704K,  51% used [0x24850000, 0x248aaba8, 0x24900000)
  to   space 704K,   0% used [0x24900000, 0x24900000, 0x249b0000)
 tenured generation   total 14092K, used 8575K [0x29810000, 0x2a5d3000, 0x342c0000)
   the space 14092K,  60% used [0x29810000, 0x2a06fda0, 0x2a06fe00, 0x2a5d3000)
 compacting perm gen  total 12288K, used 2388K [0x342c0000, 0x34ec0000, 0x382c0000)
   the space 12288K,  19% used [0x342c0000, 0x34515278, 0x34515400, 0x34ec0000)
    ro space 10240K,  42% used [0x382c0000, 0x38704240, 0x38704400, 0x38cc0000)
    rw space 12288K,  54% used [0x38cc0000, 0x39344d58, 0x39344e00, 0x398c0000)
GC Heap History (10 events):
Event: 349.786 GC heap before
{Heap before GC invocations=402 (full 2):
 def new generation   total 6400K, used 5962K [0x242c0000, 0x249b0000, 0x29810000)
  eden space 5696K,  99% used [0x242c0000, 0x2484bb10, 0x24850000)
  from space 704K,  40% used [0x24900000, 0x24946da8, 0x249b0000)
  to   space 704K,   0% used [0x24850000, 0x24850000, 0x24900000)
 tenured generation   total 14092K, used 8555K [0x29810000, 0x2a5d3000, 0x342c0000)
   the space 14092K,  60% used [0x29810000, 0x2a06ae20, 0x2a06b000, 0x2a5d3000)
 compacting perm gen  total 12288K, used 2388K [0x342c0000, 0x34ec0000, 0x382c0000)
   the space 12288K,  19% used [0x342c0000, 0x34515278, 0x34515400, 0x34ec0000)
    ro space 10240K,  42% used [0x382c0000, 0x38704240, 0x38704400, 0x38cc0000)
    rw space 12288K,  54% used [0x38cc0000, 0x39344d58, 0x39344e00, 0x398c0000)
Event: 349.788 GC heap after
Heap after GC invocations=403 (full 2):
 def new generation   total 6400K, used 303K [0x242c0000, 0x249b0000, 0x29810000)
  eden space 5696K,   0% used [0x242c0000, 0x242c0000, 0x24850000)
  from space 704K,  43% used [0x24850000, 0x2489bd28, 0x24900000)
  to   space 704K,   0% used [0x24900000, 0x24900000, 0x249b0000)
 tenured generation   total 14092K, used 8555K [0x29810000, 0x2a5d3000, 0x342c0000)
   the space 14092K,  60% used [0x29810000, 0x2a06ae20, 0x2a06b000, 0x2a5d3000)
 compacting perm gen  total 12288K, used 2388K [0x342c0000, 0x34ec0000, 0x382c0000)
   the space 12288K,  19% used [0x342c0000, 0x34515278, 0x34515400, 0x34ec0000)
    ro space 10240K,  42% used [0x382c0000, 0x38704240, 0x38704400, 0x38cc0000)
    rw space 12288K,  54% used [0x38cc0000, 0x39344d58, 0x39344e00, 0x398c0000)
}
Event: 350.669 GC heap before
{Heap before GC invocations=403 (full 2):
 def new generation   total 6400K, used 5991K [0x242c0000, 0x249b0000, 0x29810000)
  eden space 5696K,  99% used [0x242c0000, 0x2484e170, 0x24850000)
  from space 704K,  43% used [0x24850000, 0x2489bd28, 0x24900000)
  to   space 704K,   0% used [0x24900000, 0x24900000, 0x249b0000)
 tenured generation   total 14092K, used 8555K [0x29810000, 0x2a5d3000, 0x342c0000)
   the space 14092K,  60% used [0x29810000, 0x2a06ae20, 0x2a06b000, 0x2a5d3000)
 compacting perm gen  total 12288K, used 2388K [0x342c0000, 0x34ec0000, 0x382c0000)
   the space 12288K,  19% used [0x342c0000, 0x34515278, 0x34515400, 0x34ec0000)
    ro space 10240K,  42% used [0x382c0000, 0x38704240, 0x38704400, 0x38cc0000)
    rw space 12288K,  54% used [0x38cc0000, 0x39344d58, 0x39344e00, 0x398c0000)
Event: 350.670 GC heap after
Heap after GC invocations=404 (full 2):
 def new generation   total 6400K, used 323K [0x242c0000, 0x249b0000, 0x29810000)
  eden space 5696K,   0% used [0x242c0000, 0x242c0000, 0x24850000)
  from space 704K,  45% used [0x24900000, 0x24950ca8, 0x249b0000)
  to   space 704K,   0% used [0x24850000, 0x24850000, 0x24900000)
 tenured generation   total 14092K, used 8555K [0x29810000, 0x2a5d3000, 0x342c0000)
   the space 14092K,  60% used [0x29810000, 0x2a06ae20, 0x2a06b000, 0x2a5d3000)
 compacting perm gen  total 12288K, used 2388K [0x342c0000, 0x34ec0000, 0x382c0000)
   the space 12288K,  19% used [0x342c0000, 0x34515278, 0x34515400, 0x34ec0000)
    ro space 10240K,  42% used [0x382c0000, 0x38704240, 0x38704400, 0x38cc0000)
    rw space 12288K,  54% used [0x38cc0000, 0x39344d58, 0x39344e00, 0x398c0000)
}
Event: 351.553 GC heap before
{Heap before GC invocations=404 (full 2):
 def new generation   total 6400K, used 5997K [0x242c0000, 0x249b0000, 0x29810000)
  eden space 5696K,  99% used [0x242c0000, 0x2484a950, 0x24850000)
  from space 704K,  45% used [0x24900000, 0x24950ca8, 0x249b0000)
  to   space 704K,   0% used [0x24850000, 0x24850000, 0x24900000)
 tenured generation   total 14092K, used 8555K [0x29810000, 0x2a5d3000, 0x342c0000)
   the space 14092K,  60% used [0x29810000, 0x2a06ae20, 0x2a06b000, 0x2a5d3000)
 compacting perm gen  total 12288K, used 2388K [0x342c0000, 0x34ec0000, 0x382c0000)
   the space 12288K,  19% used [0x342c0000, 0x34515278, 0x34515400, 0x34ec0000)
    ro space 10240K,  42% used [0x382c0000, 0x38704240, 0x38704400, 0x38cc0000)
    rw space 12288K,  54% used [0x38cc0000, 0x39344d58, 0x39344e00, 0x398c0000)
Event: 351.554 GC heap after
Heap after GC invocations=405 (full 2):
 def new generation   total 6400K, used 343K [0x242c0000, 0x249b0000, 0x29810000)
  eden space 5696K,   0% used [0x242c0000, 0x242c0000, 0x24850000)
  from space 704K,  48% used [0x24850000, 0x248a5c28, 0x24900000)
  to   space 704K,   0% used [0x24900000, 0x24900000, 0x249b0000)
 tenured generation   total 14092K, used 8555K [0x29810000, 0x2a5d3000, 0x342c0000)
   the space 14092K,  60% used [0x29810000, 0x2a06ae20, 0x2a06b000, 0x2a5d3000)
 compacting perm gen  total 12288K, used 2388K [0x342c0000, 0x34ec0000, 0x382c0000)
   the space 12288K,  19% used [0x342c0000, 0x34515278, 0x34515400, 0x34ec0000)
    ro space 10240K,  42% used [0x382c0000, 0x38704240, 0x38704400, 0x38cc0000)
    rw space 12288K,  54% used [0x38cc0000, 0x39344d58, 0x39344e00, 0x398c0000)
}
Event: 352.436 GC heap before
{Heap before GC invocations=405 (full 2):
 def new generation   total 6400K, used 6019K [0x242c0000, 0x249b0000, 0x29810000)
  eden space 5696K,  99% used [0x242c0000, 0x2484b120, 0x24850000)
  from space 704K,  48% used [0x24850000, 0x248a5c28, 0x24900000)
  to   space 704K,   0% used [0x24900000, 0x24900000, 0x249b0000)
 tenured generation   total 14092K, used 8555K [0x29810000, 0x2a5d3000, 0x342c0000)
   the space 14092K,  60% used [0x29810000, 0x2a06ae20, 0x2a06b000, 0x2a5d3000)
 compacting perm gen  total 12288K, used 2388K [0x342c0000, 0x34ec0000, 0x382c0000)
   the space 12288K,  19% used [0x342c0000, 0x34515278, 0x34515400, 0x34ec0000)
    ro space 10240K,  42% used [0x382c0000, 0x38704240, 0x38704400, 0x38cc0000)
    rw space 12288K,  54% used [0x38cc0000, 0x39344d58, 0x39344e00, 0x398c0000)
Event: 352.438 GC heap after
Heap after GC invocations=406 (full 2):
 def new generation   total 6400K, used 362K [0x242c0000, 0x249b0000, 0x29810000)
  eden space 5696K,   0% used [0x242c0000, 0x242c0000, 0x24850000)
  from space 704K,  51% used [0x24900000, 0x2495aba8, 0x249b0000)
  to   space 704K,   0% used [0x24850000, 0x24850000, 0x24900000)
 tenured generation   total 14092K, used 8555K [0x29810000, 0x2a5d3000, 0x342c0000)
   the space 14092K,  60% used [0x29810000, 0x2a06ae20, 0x2a06b000, 0x2a5d3000)
 compacting perm gen  total 12288K, used 2388K [0x342c0000, 0x34ec0000, 0x382c0000)
   the space 12288K,  19% used [0x342c0000, 0x34515278, 0x34515400, 0x34ec0000)
    ro space 10240K,  42% used [0x382c0000, 0x38704240, 0x38704400, 0x38cc0000)
    rw space 12288K,  54% used [0x38cc0000, 0x39344d58, 0x39344e00, 0x398c0000)
}
Event: 353.319 GC heap before
{Heap before GC invocations=406 (full 2):
 def new generation   total 6400K, used 6041K [0x242c0000, 0x249b0000, 0x29810000)
  eden space 5696K,  99% used [0x242c0000, 0x2484b8f0, 0x24850000)
  from space 704K,  51% used [0x24900000, 0x2495aba8, 0x249b0000)
  to   space 704K,   0% used [0x24850000, 0x24850000, 0x24900000)
 tenured generation   total 14092K, used 8555K [0x29810000, 0x2a5d3000, 0x342c0000)
   the space 14092K,  60% used [0x29810000, 0x2a06ae20, 0x2a06b000, 0x2a5d3000)
 compacting perm gen  total 12288K, used 2388K [0x342c0000, 0x34ec0000, 0x382c0000)
   the space 12288K,  19% used [0x342c0000, 0x34515278, 0x34515400, 0x34ec0000)
    ro space 10240K,  42% used [0x382c0000, 0x38704240, 0x38704400, 0x38cc0000)
    rw space 12288K,  54% used [0x38cc0000, 0x39344d58, 0x39344e00, 0x398c0000)
Event: 353.321 GC heap after
Heap after GC invocations=407 (full 2):
 def new generation   total 6400K, used 362K [0x242c0000, 0x249b0000, 0x29810000)
  eden space 5696K,   0% used [0x242c0000, 0x242c0000, 0x24850000)
  from space 704K,  51% used [0x24850000, 0x248aaba8, 0x24900000)
  to   space 704K,   0% used [0x24900000, 0x24900000, 0x249b0000)
 tenured generation   total 14092K, used 8575K [0x29810000, 0x2a5d3000, 0x342c0000)
   the space 14092K,  60% used [0x29810000, 0x2a06fda0, 0x2a06fe00, 0x2a5d3000)
 compacting perm gen  total 12288K, used 2388K [0x342c0000, 0x34ec0000, 0x382c0000)
   the space 12288K,  19% used [0x342c0000, 0x34515278, 0x34515400, 0x34ec0000)
    ro space 10240K,  42% used [0x382c0000, 0x38704240, 0x38704400, 0x38cc0000)
    rw space 12288K,  54% used [0x38cc0000, 0x39344d58, 0x39344e00, 0x398c0000)
}

